#
# There is insufficient memory for the Java Runtime Environment to continue.
# Native memory allocation (malloc) failed to allocate 1141296 bytes for Chunk::new
# Possible reasons:
#   The system is out of physical RAM or swap space
#   In 32 bit mode, the process size limit was hit
# Possible solutions:
#   Reduce memory load on the system
#   Increase physical memory or swap space
#   Check if swap backing store is full
#   Use 64 bit Java on a 64 bit OS
#   Decrease Java heap size (-Xmx/-Xms)
#   Decrease number of Java threads
#   Decrease Java thread stack sizes (-Xss)
#   Set larger code cache with -XX:ReservedCodeCacheSize=
# This output file may be truncated or incomplete.
#
#  Out of Memory Error (allocation.cpp:390), pid=3188, tid=4988
#
# JRE version: Java(TM) SE Runtime Environment (8.0_45-b15) (build 1.8.0_45-b15)
# Java VM: Java HotSpot(TM) 64-Bit Server VM (25.45-b02 mixed mode windows-amd64 compressed oops)
# Failed to write core dump. Minidumps are not enabled by default on client versions of Windows
#

---------------  T H R E A D  ---------------

Current thread (0x0000000014e3c000):  JavaThread "C2 CompilerThread0" daemon [_thread_in_native, id=4988, stack(0x00000000163a0000,0x00000000164a0000)]

Stack: [0x00000000163a0000,0x00000000164a0000]
Native frames: (J=compiled Java code, j=interpreted, Vv=VM code, C=native code)
V  [jvm.dll+0x32b57a]
V  [jvm.dll+0x279873]
V  [jvm.dll+0x27a509]
V  [jvm.dll+0x271825]
V  [jvm.dll+0xcb9e2]
V  [jvm.dll+0xcbeac]
V  [jvm.dll+0x476ef2]
V  [jvm.dll+0x4b955f]
V  [jvm.dll+0x46bf81]
V  [jvm.dll+0x46ccbe]
V  [jvm.dll+0x4500f2]
V  [jvm.dll+0xa4352]
V  [jvm.dll+0xa4c8f]
V  [jvm.dll+0x241984]
V  [jvm.dll+0x29853a]
C  [msvcr100.dll+0x21d9f]
C  [msvcr100.dll+0x21e3b]
C  [KERNEL32.DLL+0x16ad]
C  [ntdll.dll+0x154e4]


Current CompileTask:
C2:  33250 2286       4       com.android.dx.ssa.SsaConverter::placePhiFunctions (394 bytes)


---------------  P R O C E S S  ---------------

Java Threads: ( => current thread )
  0x00000000167b9000 JavaThread "pool-2-thread-4" [_thread_blocked, id=3564, stack(0x00000000170a0000,0x00000000171a0000)]
  0x00000000167b6800 JavaThread "pool-2-thread-3" [_thread_blocked, id=4292, stack(0x0000000016fa0000,0x00000000170a0000)]
  0x0000000016938800 JavaThread "pool-2-thread-2" [_thread_blocked, id=5192, stack(0x0000000016ea0000,0x0000000016fa0000)]
  0x0000000014e73800 JavaThread "pool-3-thread-1" [_thread_blocked, id=3848, stack(0x0000000016da0000,0x0000000016ea0000)]
  0x00000000166a5800 JavaThread "Service Thread" daemon [_thread_blocked, id=4088, stack(0x0000000016aa0000,0x0000000016ba0000)]
  0x0000000014e9c800 JavaThread "C1 CompilerThread2" daemon [_thread_blocked, id=1248, stack(0x00000000165a0000,0x00000000166a0000)]
  0x0000000014e96000 JavaThread "C2 CompilerThread1" daemon [_thread_in_native, id=1600, stack(0x00000000164a0000,0x00000000165a0000)]
=>0x0000000014e3c000 JavaThread "C2 CompilerThread0" daemon [_thread_in_native, id=4988, stack(0x00000000163a0000,0x00000000164a0000)]
  0x0000000014e3b000 JavaThread "Attach Listener" daemon [_thread_blocked, id=2704, stack(0x00000000162a0000,0x00000000163a0000)]
  0x0000000014e39800 JavaThread "Signal Dispatcher" daemon [_thread_blocked, id=3012, stack(0x00000000161a0000,0x00000000162a0000)]
  0x0000000002766000 JavaThread "Finalizer" daemon [_thread_blocked, id=5176, stack(0x00000000160a0000,0x00000000161a0000)]
  0x000000000275d000 JavaThread "Reference Handler" daemon [_thread_blocked, id=4656, stack(0x0000000015fa0000,0x00000000160a0000)]
  0x000000000260e000 JavaThread "main" [_thread_blocked, id=2360, stack(0x00000000024e0000,0x00000000025e0000)]

Other Threads:
  0x0000000014e07800 VMThread [stack: 0x0000000015ea0000,0x0000000015fa0000] [id=5744]
  0x00000000166a6800 WatcherThread [stack: 0x0000000016ba0000,0x0000000016ca0000] [id=5408]

VM state:at safepoint (normal execution)

VM Mutex/Monitor currently owned by a thread:  ([mutex/lock_event])
[0x000000000260d6a0] Threads_lock - owner thread: 0x0000000014e07800
[0x000000000260c820] Heap_lock - owner thread: 0x0000000016938800

Heap:
 PSYoungGen      total 144384K, used 134606K [0x00000000eab00000, 0x00000000fa800000, 0x0000000100000000)
  eden space 123392K, 100% used [0x00000000eab00000,0x00000000f2380000,0x00000000f2380000)
  from space 20992K, 53% used [0x00000000f2380000,0x00000000f2e739a0,0x00000000f3800000)
  to   space 30720K, 29% used [0x00000000f8a00000,0x00000000f92ca558,0x00000000fa800000)
 ParOldGen       total 84480K, used 47307K [0x00000000c0000000, 0x00000000c5280000, 0x00000000eab00000)
  object space 84480K, 55% used [0x00000000c0000000,0x00000000c2e32dd8,0x00000000c5280000)
 Metaspace       used 6477K, capacity 7256K, committed 7424K, reserved 1056768K
  class space    used 615K, capacity 656K, committed 768K, reserved 1048576K

Card table byte_map: [0x0000000011b30000,0x0000000011d40000] byte_map_base: 0x0000000011530000

Marking Bits: (ParMarkBitMap*) 0x000000006f634040
 Begin Bits: [0x00000000122a0000, 0x00000000132a0000)
 End Bits:   [0x00000000132a0000, 0x00000000142a0000)

Polling page: 0x0000000000c70000

CodeCache: size=245760Kb used=9906Kb max_used=9943Kb free=235853Kb
 bounds [0x0000000002770000, 0x0000000003140000, 0x0000000011770000]
 total_blobs=2380 nmethods=2110 adapters=182
 compilation: enabled

Compilation events (10 events):
Event: 32.725 Thread 0x0000000014e9c800 2310   !   2       com.android.dx.cf.code.ExecutionStack::change (116 bytes)
Event: 32.726 Thread 0x0000000014e9c800 nmethod 2310 0x00000000029165d0 code [0x0000000002916860, 0x00000000029172f8]
Event: 32.730 Thread 0x0000000014e9c800 2313       2       com.android.dx.ssa.back.FirstFitLocalCombiningAllocator::handleCheckCastResults (413 bytes)
Event: 32.735 Thread 0x0000000014e9c800 nmethod 2313 0x0000000002883d90 code [0x0000000002884160, 0x0000000002885258]
Event: 32.754 Thread 0x0000000014e9c800 2326       2       com.android.dx.ssa.Dominators$DfsWalker::<init> (6 bytes)
Event: 32.754 Thread 0x0000000014e9c800 nmethod 2326 0x0000000002878c10 code [0x0000000002878d60, 0x0000000002878ed0]
Event: 32.755 Thread 0x0000000014e9c800 2327       2       com.android.dx.ssa.Dominators$DfsWalker::<init> (15 bytes)
Event: 32.755 Thread 0x0000000014e9c800 nmethod 2327 0x000000000287b890 code [0x000000000287b9e0, 0x000000000287bb50]
Event: 32.781 Thread 0x0000000014e9c800 2334       2       java.util.DualPivotQuicksort::sort (614 bytes)
Event: 32.784 Thread 0x0000000014e9c800 nmethod 2334 0x00000000028f1990 code [0x00000000028f1be0, 0x00000000028f2938]

GC Heap History (10 events):
Event: 14.434 GC heap before
{Heap before GC invocations=6 (full 0):
 PSYoungGen      total 35328K, used 35298K [0x00000000eab00000, 0x00000000efd00000, 0x0000000100000000)
  eden space 32768K, 100% used [0x00000000eab00000,0x00000000ecb00000,0x00000000ecb00000)
  from space 2560K, 98% used [0x00000000ecb00000,0x00000000ecd78858,0x00000000ecd80000)
  to   space 9216K, 0% used [0x00000000ef400000,0x00000000ef400000,0x00000000efd00000)
 ParOldGen       total 44032K, used 13242K [0x00000000c0000000, 0x00000000c2b00000, 0x00000000eab00000)
  object space 44032K, 30% used [0x00000000c0000000,0x00000000c0cee868,0x00000000c2b00000)
 Metaspace       used 6223K, capacity 7152K, committed 7296K, reserved 1056768K
  class space    used 592K, capacity 616K, committed 640K, reserved 1048576K
Event: 14.523 GC heap after
Heap after GC invocations=6 (full 0):
 PSYoungGen      total 73216K, used 8381K [0x00000000eab00000, 0x00000000f0000000, 0x0000000100000000)
  eden space 64000K, 0% used [0x00000000eab00000,0x00000000eab00000,0x00000000ee980000)
  from space 9216K, 90% used [0x00000000ef400000,0x00000000efc2f498,0x00000000efd00000)
  to   space 10752K, 0% used [0x00000000ee980000,0x00000000ee980000,0x00000000ef400000)
 ParOldGen       total 44032K, used 13250K [0x00000000c0000000, 0x00000000c2b00000, 0x00000000eab00000)
  object space 44032K, 30% used [0x00000000c0000000,0x00000000c0cf0868,0x00000000c2b00000)
 Metaspace       used 6223K, capacity 7152K, committed 7296K, reserved 1056768K
  class space    used 592K, capacity 616K, committed 640K, reserved 1048576K
}
Event: 16.209 GC heap before
{Heap before GC invocations=7 (full 0):
 PSYoungGen      total 73216K, used 72381K [0x00000000eab00000, 0x00000000f0000000, 0x0000000100000000)
  eden space 64000K, 100% used [0x00000000eab00000,0x00000000ee980000,0x00000000ee980000)
  from space 9216K, 90% used [0x00000000ef400000,0x00000000efc2f498,0x00000000efd00000)
  to   space 10752K, 0% used [0x00000000ee980000,0x00000000ee980000,0x00000000ef400000)
 ParOldGen       total 44032K, used 13250K [0x00000000c0000000, 0x00000000c2b00000, 0x00000000eab00000)
  object space 44032K, 30% used [0x00000000c0000000,0x00000000c0cf0868,0x00000000c2b00000)
 Metaspace       used 6299K, capacity 7152K, committed 7296K, reserved 1056768K
  class space    used 593K, capacity 616K, committed 640K, reserved 1048576K
Event: 16.305 GC heap after
Heap after GC invocations=7 (full 0):
 PSYoungGen      total 74752K, used 10733K [0x00000000eab00000, 0x00000000f4800000, 0x0000000100000000)
  eden space 64000K, 0% used [0x00000000eab00000,0x00000000eab00000,0x00000000ee980000)
  from space 10752K, 99% used [0x00000000ee980000,0x00000000ef3fb530,0x00000000ef400000)
  to   space 16384K, 0% used [0x00000000f3800000,0x00000000f3800000,0x00000000f4800000)
 ParOldGen       total 44032K, used 20458K [0x00000000c0000000, 0x00000000c2b00000, 0x00000000eab00000)
  object space 44032K, 46% used [0x00000000c0000000,0x00000000c13fa838,0x00000000c2b00000)
 Metaspace       used 6299K, capacity 7152K, committed 7296K, reserved 1056768K
  class space    used 593K, capacity 616K, committed 640K, reserved 1048576K
}
Event: 17.610 GC heap before
{Heap before GC invocations=8 (full 0):
 PSYoungGen      total 74752K, used 74733K [0x00000000eab00000, 0x00000000f4800000, 0x0000000100000000)
  eden space 64000K, 100% used [0x00000000eab00000,0x00000000ee980000,0x00000000ee980000)
  from space 10752K, 99% used [0x00000000ee980000,0x00000000ef3fb530,0x00000000ef400000)
  to   space 16384K, 0% used [0x00000000f3800000,0x00000000f3800000,0x00000000f4800000)
 ParOldGen       total 44032K, used 20458K [0x00000000c0000000, 0x00000000c2b00000, 0x00000000eab00000)
  object space 44032K, 46% used [0x00000000c0000000,0x00000000c13fa838,0x00000000c2b00000)
 Metaspace       used 6331K, capacity 7216K, committed 7296K, reserved 1056768K
  class space    used 593K, capacity 616K, committed 640K, reserved 1048576K
Event: 17.871 GC heap after
Heap after GC invocations=8 (full 0):
 PSYoungGen      total 139776K, used 16373K [0x00000000eab00000, 0x00000000f5100000, 0x0000000100000000)
  eden space 123392K, 0% used [0x00000000eab00000,0x00000000eab00000,0x00000000f2380000)
  from space 16384K, 99% used [0x00000000f3800000,0x00000000f47fd670,0x00000000f4800000)
  to   space 20992K, 0% used [0x00000000f2380000,0x00000000f2380000,0x00000000f3800000)
 ParOldGen       total 44032K, used 25194K [0x00000000c0000000, 0x00000000c2b00000, 0x00000000eab00000)
  object space 44032K, 57% used [0x00000000c0000000,0x00000000c189a900,0x00000000c2b00000)
 Metaspace       used 6331K, capacity 7216K, committed 7296K, reserved 1056768K
  class space    used 593K, capacity 616K, committed 640K, reserved 1048576K
}
Event: 20.024 GC heap before
{Heap before GC invocations=9 (full 0):
 PSYoungGen      total 139776K, used 139765K [0x00000000eab00000, 0x00000000f5100000, 0x0000000100000000)
  eden space 123392K, 100% used [0x00000000eab00000,0x00000000f2380000,0x00000000f2380000)
  from space 16384K, 99% used [0x00000000f3800000,0x00000000f47fd670,0x00000000f4800000)
  to   space 20992K, 0% used [0x00000000f2380000,0x00000000f2380000,0x00000000f3800000)
 ParOldGen       total 44032K, used 25194K [0x00000000c0000000, 0x00000000c2b00000, 0x00000000eab00000)
  object space 44032K, 57% used [0x00000000c0000000,0x00000000c189a900,0x00000000c2b00000)
 Metaspace       used 6456K, capacity 7256K, committed 7424K, reserved 1056768K
  class space    used 613K, capacity 656K, committed 768K, reserved 1048576K
Event: 20.448 GC heap after
Heap after GC invocations=9 (full 0):
 PSYoungGen      total 144384K, used 20973K [0x00000000eab00000, 0x00000000fa800000, 0x0000000100000000)
  eden space 123392K, 0% used [0x00000000eab00000,0x00000000eab00000,0x00000000f2380000)
  from space 20992K, 99% used [0x00000000f2380000,0x00000000f37fb518,0x00000000f3800000)
  to   space 30720K, 0% used [0x00000000f8a00000,0x00000000f8a00000,0x00000000fa800000)
 ParOldGen       total 44032K, used 39572K [0x00000000c0000000, 0x00000000c2b00000, 0x00000000eab00000)
  object space 44032K, 89% used [0x00000000c0000000,0x00000000c26a50a8,0x00000000c2b00000)
 Metaspace       used 6456K, capacity 7256K, committed 7424K, reserved 1056768K
  class space    used 613K, capacity 656K, committed 768K, reserved 1048576K
}
Event: 20.448 GC heap before
{Heap before GC invocations=10 (full 1):
 PSYoungGen      total 144384K, used 20973K [0x00000000eab00000, 0x00000000fa800000, 0x0000000100000000)
  eden space 123392K, 0% used [0x00000000eab00000,0x00000000eab00000,0x00000000f2380000)
  from space 20992K, 99% used [0x00000000f2380000,0x00000000f37fb518,0x00000000f3800000)
  to   space 30720K, 0% used [0x00000000f8a00000,0x00000000f8a00000,0x00000000fa800000)
 ParOldGen       total 44032K, used 39572K [0x00000000c0000000, 0x00000000c2b00000, 0x00000000eab00000)
  object space 44032K, 89% used [0x00000000c0000000,0x00000000c26a50a8,0x00000000c2b00000)
 Metaspace       used 6456K, capacity 7256K, committed 7424K, reserved 1056768K
  class space    used 613K, capacity 656K, committed 768K, reserved 1048576K
Event: 27.354 GC heap after
Heap after GC invocations=10 (full 1):
 PSYoungGen      total 144384K, used 11214K [0x00000000eab00000, 0x00000000fa800000, 0x0000000100000000)
  eden space 123392K, 0% used [0x00000000eab00000,0x00000000eab00000,0x00000000f2380000)
  from space 20992K, 53% used [0x00000000f2380000,0x00000000f2e739a0,0x00000000f3800000)
  to   space 30720K, 0% used [0x00000000f8a00000,0x00000000f8a00000,0x00000000fa800000)
 ParOldGen       total 84480K, used 44027K [0x00000000c0000000, 0x00000000c5280000, 0x00000000eab00000)
  object space 84480K, 52% used [0x00000000c0000000,0x00000000c2afef08,0x00000000c5280000)
 Metaspace       used 6456K, capacity 7256K, committed 7424K, reserved 1056768K
  class space    used 613K, capacity 656K, committed 768K, reserved 1048576K
}

Deoptimization events (10 events):
Event: 18.898 Thread 0x0000000016938800 Uncommon trap: reason=bimorphic action=maybe_recompile pc=0x0000000002e52168 method=com.android.dx.ssa.LiteralOpUpgrader.tryReplacingWithConstant(Lcom/android/dx/ssa/NormalSsaInsn;)Z @ 62
Event: 19.083 Thread 0x000000001690c800 Uncommon trap: reason=bimorphic action=maybe_recompile pc=0x000000000301ed68 method=com.android.dx.cf.code.BytecodeArray.parseInstruction(ILcom/android/dx/cf/code/BytecodeArray$Visitor;)I @ 1357
Event: 19.084 Thread 0x000000001690c800 Uncommon trap: reason=bimorphic action=maybe_recompile pc=0x000000000301ed68 method=com.android.dx.cf.code.BytecodeArray.parseInstruction(ILcom/android/dx/cf/code/BytecodeArray$Visitor;)I @ 1357
Event: 19.240 Thread 0x0000000016938800 Uncommon trap: reason=unstable_if action=reinterpret pc=0x0000000002f5972c method=java.util.HashMap.putVal(ILjava/lang/Object;Ljava/lang/Object;ZZ)Ljava/lang/Object; @ 109
Event: 27.527 Thread 0x0000000016938800 Uncommon trap: reason=bimorphic action=maybe_recompile pc=0x0000000003048a00 method=com.android.dx.cf.code.BytecodeArray.parseInstruction(ILcom/android/dx/cf/code/BytecodeArray$Visitor;)I @ 1035
Event: 27.527 Thread 0x0000000016938800 Uncommon trap: reason=bimorphic action=maybe_recompile pc=0x000000000304885c method=com.android.dx.cf.code.BytecodeArray.parseInstruction(ILcom/android/dx/cf/code/BytecodeArray$Visitor;)I @ 987
Event: 27.528 Thread 0x0000000016938800 Uncommon trap: reason=bimorphic action=maybe_recompile pc=0x0000000003048a8c method=com.android.dx.cf.code.BytecodeArray.parseInstruction(ILcom/android/dx/cf/code/BytecodeArray$Visitor;)I @ 1051
Event: 27.528 Thread 0x0000000016938800 Uncommon trap: reason=bimorphic action=maybe_recompile pc=0x0000000003048a00 method=com.android.dx.cf.code.BytecodeArray.parseInstruction(ILcom/android/dx/cf/code/BytecodeArray$Visitor;)I @ 1035
Event: 29.193 Thread 0x0000000016938800 Uncommon trap: reason=unstable_if action=reinterpret pc=0x00000000030753c8 method=com.android.dx.cf.code.BytecodeArray.parseInstruction(ILcom/android/dx/cf/code/BytecodeArray$Visitor;)I @ 1261
Event: 31.794 Thread 0x00000000167b9000 Uncommon trap: reason=unstable_if action=reinterpret pc=0x0000000002e334d8 method=java.util.HashMap.resize()[Ljava/util/HashMap$Node; @ 206

Internal exceptions (7 events):
Event: 1.922 Thread 0x000000000260e000 Exception <a 'java/lang/NoSuchMethodError': Method sun.misc.Unsafe.defineClass(Ljava/lang/String;[BII)Ljava/lang/Class; name or signature does not match> (0x00000000eab0d4f8) thrown at [C:\re\workspace\8-2-build-windows-amd64-cygwin\jdk8u45\3627\hotspot\sr#EáÅ¿˛?
Event: 1.922 Thread 0x000000000260e000 Exception <a 'java/lang/NoSuchMethodError': Method sun.misc.Unsafe.prefetchRead(Ljava/lang/Object;J)V name or signature does not match> (0x00000000eab0d788) thrown at [C:\re\workspace\8-2-build-windows-amd64-cygwin\jdk8u45\3627\hotspot\src\share\vm\prims\j€\–TC'@
Event: 11.632 Thread 0x00000000167b6800 Implicit null exception at 0x0000000002b617e2 to 0x0000000002b618e1
Event: 17.172 Thread 0x000000000260e000 Implicit null exception at 0x0000000002e2986c to 0x0000000002e2ad85
Event: 18.522 Thread 0x000000000260e000 Exception <a 'java/lang/ArrayIndexOutOfBoundsException': 18> (0x00000000ebd06d50) thrown at [C:\re\workspace\8-2-build-windows-amd64-cygwin\jdk8u45\3627\hotspot\src\share\vm\interpreter\interpreterRuntime.cpp, line 366]
Event: 18.523 Thread 0x000000000260e000 Exception <a 'java/lang/ArrayIndexOutOfBoundsException'> (0x00000000ebd08820) thrown at [C:\re\workspace\8-2-build-windows-amd64-cygwin\jdk8u45\3627\hotspot\src\share\vm\runtime\sharedRuntime.cpp, line 605]
Event: 18.524 Thread 0x000000000260e000 Exception <a 'java/lang/ArrayIndexOutOfBoundsException'> (0x00000000ebd09a58) thrown at [C:\re\workspace\8-2-build-windows-amd64-cygwin\jdk8u45\3627\hotspot\src\share\vm\runtime\sharedRuntime.cpp, line 605]

Events (10 events):
Event: 32.551 Thread 0x0000000014e3c000 flushing nmethod 0x00000000029032d0
Event: 32.551 Thread 0x0000000014e3c000 flushing nmethod 0x0000000002915e10
Event: 32.551 Thread 0x0000000014e3c000 flushing nmethod 0x0000000002916390
Event: 32.551 Thread 0x0000000014e3c000 flushing nmethod 0x0000000002917890
Event: 32.680 Thread 0x000000000260e000 DEOPT PACKING pc=0x0000000002c216c1 sp=0x00000000025de680
Event: 32.680 Thread 0x000000000260e000 DEOPT UNPACKING pc=0x00000000027b787f sp=0x00000000025de4b0 mode 0
Event: 32.735 Thread 0x00000000167b6800 DEOPT PACKING pc=0x0000000002de6429 sp=0x000000001709e530
Event: 32.736 Thread 0x00000000167b6800 DEOPT UNPACKING pc=0x00000000027b787f sp=0x000000001709e280 mode 0
Event: 32.823 Thread 0x00000000167b9000 DEOPT PACKING pc=0x0000000002c364ec sp=0x000000001719e860
Event: 32.823 Thread 0x00000000167b9000 DEOPT UNPACKING pc=0x00000000027b787f sp=0x000000001719e570 mode 0


Dynamic libraries:
0x00007ff69ba40000 - 0x00007ff69ba77000 	C:\Program Files\Java\jdk1.8.0_45\bin\java.exe
0x00007ffbd3930000 - 0x00007ffbd3add000 	C:\Windows\SYSTEM32\ntdll.dll
0x00007ffbd3520000 - 0x00007ffbd365a000 	C:\Windows\system32\KERNEL32.DLL
0x00007ffbd0d80000 - 0x00007ffbd0e95000 	C:\Windows\system32\KERNELBASE.dll
0x00007ffbcf6c0000 - 0x00007ffbcf74e000 	C:\Windows\system32\apphelp.dll
0x00007ffbc6f10000 - 0x00007ffbc6f63000 	C:\Windows\AppPatch\AppPatch64\AcGenral.DLL
0x00007ffbd0ff0000 - 0x00007ffbd1097000 	C:\Windows\system32\msvcrt.dll
0x00007ffbd0900000 - 0x00007ffbd092b000 	C:\Windows\SYSTEM32\SspiCli.dll
0x00007ffbd2ff0000 - 0x00007ffbd3041000 	C:\Windows\system32\SHLWAPI.dll
0x00007ffbd3660000 - 0x00007ffbd37d7000 	C:\Windows\system32\USER32.dll
0x00007ffbd3380000 - 0x00007ffbd3514000 	C:\Windows\system32\ole32.dll
0x00007ffbd1100000 - 0x00007ffbd262a000 	C:\Windows\system32\SHELL32.dll
0x00007ffbd00b0000 - 0x00007ffbd00ce000 	C:\Windows\SYSTEM32\USERENV.dll
0x00007ffbd2de0000 - 0x00007ffbd2e8a000 	C:\Windows\system32\ADVAPI32.dll
0x00007ffbc4db0000 - 0x00007ffbc4dcb000 	C:\Windows\SYSTEM32\MPR.dll
0x00007ffbd37e0000 - 0x00007ffbd3921000 	C:\Windows\system32\RPCRT4.dll
0x00007ffbd26f0000 - 0x00007ffbd2749000 	C:\Windows\SYSTEM32\sechost.dll
0x00007ffbd29d0000 - 0x00007ffbd2be1000 	C:\Windows\SYSTEM32\combase.dll
0x00007ffbd2c30000 - 0x00007ffbd2d80000 	C:\Windows\system32\GDI32.dll
0x00007ffbd0ad0000 - 0x00007ffbd0ae4000 	C:\Windows\SYSTEM32\profapi.dll
0x00007ffbceed0000 - 0x00007ffbcef82000 	C:\Windows\SYSTEM32\SHCORE.dll
0x00007ffbd2bf0000 - 0x00007ffbd2c24000 	C:\Windows\system32\IMM32.DLL
0x00007ffbd2e90000 - 0x00007ffbd2fe2000 	C:\Windows\system32\MSCTF.dll
0x00007ffbce800000 - 0x00007ffbcea7b000 	C:\Windows\WinSxS\amd64_microsoft.windows.common-controls_6595b64144ccf1df_6.0.9600.18006_none_623f33d3ecbe86e8\COMCTL32.dll
0x000000006e670000 - 0x000000006e742000 	C:\Program Files\Java\jdk1.8.0_45\jre\bin\msvcr100.dll
0x000000006ee30000 - 0x000000006f6b3000 	C:\Program Files\Java\jdk1.8.0_45\jre\bin\server\jvm.dll
0x00007ffbbcef0000 - 0x00007ffbbcef9000 	C:\Windows\SYSTEM32\WSOCK32.dll
0x00007ffbc4760000 - 0x00007ffbc477f000 	C:\Windows\SYSTEM32\WINMM.dll
0x00007ffbc9450000 - 0x00007ffbc945a000 	C:\Windows\SYSTEM32\VERSION.dll
0x00007ffbd2630000 - 0x00007ffbd2637000 	C:\Windows\system32\PSAPI.DLL
0x00007ffbd3160000 - 0x00007ffbd31b8000 	C:\Windows\system32\WS2_32.dll
0x00007ffbc4730000 - 0x00007ffbc475a000 	C:\Windows\SYSTEM32\WINMMBASE.dll
0x00007ffbd3150000 - 0x00007ffbd3159000 	C:\Windows\system32\NSI.dll
0x00007ffbd0f50000 - 0x00007ffbd0f9a000 	C:\Windows\SYSTEM32\cfgmgr32.dll
0x00007ffbcf910000 - 0x00007ffbcf936000 	C:\Windows\SYSTEM32\DEVOBJ.dll
0x000000006fc00000 - 0x000000006fc0f000 	C:\Program Files\Java\jdk1.8.0_45\jre\bin\verify.dll
0x000000006ed20000 - 0x000000006ed49000 	C:\Program Files\Java\jdk1.8.0_45\jre\bin\java.dll
0x000000006fbe0000 - 0x000000006fbf6000 	C:\Program Files\Java\jdk1.8.0_45\jre\bin\zip.dll
0x00007ffbc92c0000 - 0x00007ffbc9449000 	C:\Windows\SYSTEM32\dbghelp.dll

VM Arguments:
jvm_args: -Djava.awt.headless=true -Xmx1024M -Dfile.encoding=windows-1252 -Duser.country=US -Duser.language=en -Duser.variant 
java_command: com.android.dx.command.Main --dex --force-jumbo --num-threads=4 --multi-dex --output E:\Android\AiLaTrieuPhu\app\build\intermediates\transforms\dex\debug\folders\1000\10\com.android.support-support-v4-23.2.1_9878c0a0941b32c224d51d8c17c8687605bda2d7 E:\Android\AiLaTrieuPhu\app\build\intermediates\exploded-aar\com.android.support\support-v4\23.2.1\jars\classes.jar
java_class_path (initial): E:\Platform Android\build-tools\23.0.2\lib\dx.jar
Launcher Type: SUN_STANDARD

Environment Variables:
JAVA_HOME=C:\Program Files\Java\jdk1.8.0_45
PATH=C:\ProgramData\Oracle\Java\javapath;C:\Windows\system32;C:\Windows;C:\Windows\System32\Wbem;C:\Windows\System32\WindowsPowerShell\v1.0\;C:\Program Files (x86)\Windows Kits\8.1\Windows Performance Toolkit\;C:\Program Files\Microsoft SQL Server\110\Tools\Binn\;C:\Program Files\Microsoft SQL Server\120\DTS\Binn\;C:\Program Files\Microsoft SQL Server\Client SDK\ODBC\110\Tools\Binn\;C:\Program Files (x86)\Microsoft SQL Server\120\Tools\Binn\;C:\Program Files\Microsoft SQL Server\120\Tools\Binn\;C:\Program Files (x86)\Microsoft SQL Server\120\Tools\Binn\ManagementStudio\;C:\Program Files (x86)\Microsoft SQL Server\120\DTS\Binn\;C:\Program Files (x86)\Windows Live\Shared;C:\Program Files (x86)\Skype\Phone\;
USERNAME=The Boss
OS=Windows_NT
PROCESSOR_IDENTIFIER=Intel64 Family 6 Model 58 Stepping 9, GenuineIntel



---------------  S Y S T E M  ---------------

OS: Windows 8.1 , 64 bit Build 9600 (6.3.9600.17056)

CPU:total 4 (2 cores per cpu, 2 threads per core) family 6 model 58 stepping 9, cmov, cx8, fxsr, mmx, sse, sse2, sse3, ssse3, sse4.1, sse4.2, popcnt, avx, clmul, erms, ht, tsc, tscinvbit, tscinv

Memory: 4k page, physical 4072728k(846828k free), swap 6169880k(168356k free)

vm_info: Java HotSpot(TM) 64-Bit Server VM (25.45-b02) for windows-amd64 JRE (1.8.0_45-b15), built on Apr 30 2015 12:40:44 by "java_re" with MS VC++ 10.0 (VS2010)

time: Fri Apr 15 08:45:32 2016
elapsed time: 33 seconds (0d 0h 0m 33s)

