#
# There is insufficient memory for the Java Runtime Environment to continue.
# Native memory allocation (malloc) failed to allocate 426016 bytes for Chunk::new
# Possible reasons:
#   The system is out of physical RAM or swap space
#   In 32 bit mode, the process size limit was hit
# Possible solutions:
#   Reduce memory load on the system
#   Increase physical memory or swap space
#   Check if swap backing store is full
#   Use 64 bit Java on a 64 bit OS
#   Decrease Java heap size (-Xmx/-Xms)
#   Decrease number of Java threads
#   Decrease Java thread stack sizes (-Xss)
#   Set larger code cache with -XX:ReservedCodeCacheSize=
# This output file may be truncated or incomplete.
#
#  Out of Memory Error (allocation.cpp:390), pid=3504, tid=6448
#
# JRE version: Java(TM) SE Runtime Environment (8.0_45-b15) (build 1.8.0_45-b15)
# Java VM: Java HotSpot(TM) 64-Bit Server VM (25.45-b02 mixed mode windows-amd64 compressed oops)
# Failed to write core dump. Minidumps are not enabled by default on client versions of Windows
#

---------------  T H R E A D  ---------------

Current thread (0x0000000014e60000):  JavaThread "C2 CompilerThread1" daemon [_thread_in_native, id=6448, stack(0x00000000164c0000,0x00000000165c0000)]

Stack: [0x00000000164c0000,0x00000000165c0000]
Native frames: (J=compiled Java code, j=interpreted, Vv=VM code, C=native code)
V  [jvm.dll+0x32b57a]


Current CompileTask:
C2:  39510  964       4       com.android.dx.ssa.NormalSsaInsn::accept (25 bytes)


---------------  P R O C E S S  ---------------

Java Threads: ( => current thread )
  0x0000000016967800 JavaThread "pool-2-thread-4" [_thread_in_Java, id=6604, stack(0x00000000178c0000,0x00000000179c0000)]
  0x0000000016967000 JavaThread "pool-2-thread-3" [_thread_in_Java, id=6600, stack(0x00000000177c0000,0x00000000178c0000)]
  0x0000000016966000 JavaThread "pool-2-thread-2" [_thread_blocked, id=6596, stack(0x00000000176c0000,0x00000000177c0000)]
  0x0000000016945000 JavaThread "pool-3-thread-1" [_thread_blocked, id=6592, stack(0x00000000175c0000,0x00000000176c0000)]
  0x0000000016942800 JavaThread "pool-2-thread-1" [_thread_in_Java, id=6588, stack(0x00000000174c0000,0x00000000175c0000)]
  0x00000000166c5800 JavaThread "Service Thread" daemon [_thread_blocked, id=6520, stack(0x0000000016ac0000,0x0000000016bc0000)]
  0x0000000014ebc800 JavaThread "C1 CompilerThread2" daemon [_thread_in_native, id=6500, stack(0x00000000165c0000,0x00000000166c0000)]
=>0x0000000014e60000 JavaThread "C2 CompilerThread1" daemon [_thread_in_native, id=6448, stack(0x00000000164c0000,0x00000000165c0000)]
  0x0000000014e5c800 JavaThread "C2 CompilerThread0" daemon [_thread_in_native, id=6444, stack(0x00000000163c0000,0x00000000164c0000)]
  0x0000000014e5b000 JavaThread "Attach Listener" daemon [_thread_blocked, id=6440, stack(0x00000000162c0000,0x00000000163c0000)]
  0x0000000014e5a000 JavaThread "Signal Dispatcher" daemon [_thread_blocked, id=6436, stack(0x00000000161c0000,0x00000000162c0000)]
  0x0000000002786000 JavaThread "Finalizer" daemon [_thread_blocked, id=6408, stack(0x00000000160c0000,0x00000000161c0000)]
  0x000000000277d000 JavaThread "Reference Handler" daemon [_thread_blocked, id=6400, stack(0x0000000015fc0000,0x00000000160c0000)]
  0x0000000000c1e000 JavaThread "main" [_thread_in_Java, id=6260, stack(0x0000000002490000,0x0000000002590000)]

Other Threads:
  0x0000000014e27800 VMThread [stack: 0x0000000015ec0000,0x0000000015fc0000] [id=6364]
  0x00000000166c6800 WatcherThread [stack: 0x0000000016bc0000,0x0000000016cc0000] [id=6532]

VM state:not at safepoint (normal execution)

VM Mutex/Monitor currently owned by a thread: None

Heap:
 PSYoungGen      total 18944K, used 13279K [0x00000000eab00000, 0x00000000ec000000, 0x0000000100000000)
  eden space 16384K, 65% used [0x00000000eab00000,0x00000000eb57a150,0x00000000ebb00000)
  from space 2560K, 99% used [0x00000000ebd80000,0x00000000ebffdc78,0x00000000ec000000)
  to   space 2560K, 0% used [0x00000000ebb00000,0x00000000ebb00000,0x00000000ebd80000)
 ParOldGen       total 44032K, used 1845K [0x00000000c0000000, 0x00000000c2b00000, 0x00000000eab00000)
  object space 44032K, 4% used [0x00000000c0000000,0x00000000c01cd600,0x00000000c2b00000)
 Metaspace       used 5921K, capacity 6896K, committed 7040K, reserved 1056768K
  class space    used 590K, capacity 616K, committed 640K, reserved 1048576K

Card table byte_map: [0x0000000011b50000,0x0000000011d60000] byte_map_base: 0x0000000011550000

Marking Bits: (ParMarkBitMap*) 0x000000006f634040
 Begin Bits: [0x00000000122c0000, 0x00000000132c0000)
 End Bits:   [0x00000000132c0000, 0x00000000142c0000)

Polling page: 0x0000000000c20000

CodeCache: size=245760Kb used=3764Kb max_used=3764Kb free=241995Kb
 bounds [0x0000000002790000, 0x0000000002b50000, 0x0000000011790000]
 total_blobs=1236 nmethods=966 adapters=182
 compilation: enabled

Compilation events (10 events):
Event: 39.380 Thread 0x0000000014e5c800  972       4       java.lang.StringBuilder::append (8 bytes)
Event: 39.380 Thread 0x0000000014ebc800 nmethod 969 0x0000000002b34490 code [0x0000000002b34620, 0x0000000002b34998]
Event: 39.380 Thread 0x0000000014ebc800  970       3       com.android.dx.rop.type.Prototype::getParameterFrameTypes (96 bytes)
Event: 39.382 Thread 0x0000000014ebc800 nmethod 970 0x0000000002b34b50 code [0x0000000002b34da0, 0x0000000002b35db8]
Event: 39.382 Thread 0x0000000014ebc800  971       3       com.android.dx.cf.code.Ropper::getSpecialLabel (20 bytes)
Event: 39.383 Thread 0x0000000014ebc800 nmethod 971 0x0000000002b33dd0 code [0x0000000002b33f40, 0x0000000002b34310]
Event: 39.389 Thread 0x0000000014ebc800  979       2       com.android.dx.cf.code.Ropper::getAvailableLabel (54 bytes)
Event: 39.390 Thread 0x0000000014ebc800 nmethod 979 0x0000000002b33650 code [0x0000000002b337c0, 0x0000000002b33ac8]
Event: 39.391 Thread 0x0000000014ebc800  980       3       com.android.dx.rop.code.ThrowingInsn::<init> (49 bytes)
Event: 39.392 Thread 0x0000000014ebc800 nmethod 980 0x0000000002b31550 code [0x0000000002b316e0, 0x0000000002b31b48]

GC Heap History (4 events):
Event: 36.918 GC heap before
{Heap before GC invocations=1 (full 0):
 PSYoungGen      total 18944K, used 16384K [0x00000000eab00000, 0x00000000ec000000, 0x0000000100000000)
  eden space 16384K, 100% used [0x00000000eab00000,0x00000000ebb00000,0x00000000ebb00000)
  from space 2560K, 0% used [0x00000000ebd80000,0x00000000ebd80000,0x00000000ec000000)
  to   space 2560K, 0% used [0x00000000ebb00000,0x00000000ebb00000,0x00000000ebd80000)
 ParOldGen       total 44032K, used 0K [0x00000000c0000000, 0x00000000c2b00000, 0x00000000eab00000)
  object space 44032K, 0% used [0x00000000c0000000,0x00000000c0000000,0x00000000c2b00000)
 Metaspace       used 5226K, capacity 6224K, committed 6528K, reserved 1056768K
  class space    used 569K, capacity 584K, committed 640K, reserved 1048576K
Event: 37.079 GC heap after
Heap after GC invocations=1 (full 0):
 PSYoungGen      total 18944K, used 2547K [0x00000000eab00000, 0x00000000ec000000, 0x0000000100000000)
  eden space 16384K, 0% used [0x00000000eab00000,0x00000000eab00000,0x00000000ebb00000)
  from space 2560K, 99% used [0x00000000ebb00000,0x00000000ebd7cf60,0x00000000ebd80000)
  to   space 2560K, 0% used [0x00000000ebd80000,0x00000000ebd80000,0x00000000ec000000)
 ParOldGen       total 44032K, used 260K [0x00000000c0000000, 0x00000000c2b00000, 0x00000000eab00000)
  object space 44032K, 0% used [0x00000000c0000000,0x00000000c00411d8,0x00000000c2b00000)
 Metaspace       used 5226K, capacity 6224K, committed 6528K, reserved 1056768K
  class space    used 569K, capacity 584K, committed 640K, reserved 1048576K
}
Event: 39.103 GC heap before
{Heap before GC invocations=2 (full 0):
 PSYoungGen      total 18944K, used 18931K [0x00000000eab00000, 0x00000000ec000000, 0x0000000100000000)
  eden space 16384K, 100% used [0x00000000eab00000,0x00000000ebb00000,0x00000000ebb00000)
  from space 2560K, 99% used [0x00000000ebb00000,0x00000000ebd7cf60,0x00000000ebd80000)
  to   space 2560K, 0% used [0x00000000ebd80000,0x00000000ebd80000,0x00000000ec000000)
 ParOldGen       total 44032K, used 260K [0x00000000c0000000, 0x00000000c2b00000, 0x00000000eab00000)
  object space 44032K, 0% used [0x00000000c0000000,0x00000000c00411d8,0x00000000c2b00000)
 Metaspace       used 5845K, capacity 6768K, committed 7040K, reserved 1056768K
  class space    used 590K, capacity 616K, committed 640K, reserved 1048576K
Event: 39.150 GC heap after
Heap after GC invocations=2 (full 0):
 PSYoungGen      total 18944K, used 2551K [0x00000000eab00000, 0x00000000ec000000, 0x0000000100000000)
  eden space 16384K, 0% used [0x00000000eab00000,0x00000000eab00000,0x00000000ebb00000)
  from space 2560K, 99% used [0x00000000ebd80000,0x00000000ebffdc78,0x00000000ec000000)
  to   space 2560K, 0% used [0x00000000ebb00000,0x00000000ebb00000,0x00000000ebd80000)
 ParOldGen       total 44032K, used 1845K [0x00000000c0000000, 0x00000000c2b00000, 0x00000000eab00000)
  object space 44032K, 4% used [0x00000000c0000000,0x00000000c01cd600,0x00000000c2b00000)
 Metaspace       used 5845K, capacity 6768K, committed 7040K, reserved 1056768K
  class space    used 590K, capacity 616K, committed 640K, reserved 1048576K
}

Deoptimization events (9 events):
Event: 34.949 Thread 0x0000000000c1e000 Uncommon trap: reason=unstable_if action=reinterpret pc=0x000000000290d124 method=java.util.regex.Pattern$BnM.match(Ljava/util/regex/Matcher;ILjava/lang/CharSequence;)Z @ 56
Event: 37.697 Thread 0x0000000016942800 Uncommon trap: reason=unstable_if action=reinterpret pc=0x00000000029ed3a8 method=java.util.HashMap.getNode(ILjava/lang/Object;)Ljava/util/HashMap$Node; @ 129
Event: 37.791 Thread 0x0000000000c1e000 Uncommon trap: reason=unstable_if action=reinterpret pc=0x00000000029f70f0 method=java.util.BitSet.nextSetBit(I)I @ 87
Event: 38.749 Thread 0x0000000016966000 Uncommon trap: reason=class_check action=maybe_recompile pc=0x0000000002a5df94 method=com.android.dx.ssa.NormalSsaInsn.accept(Lcom/android/dx/ssa/SsaInsn$Visitor;)V @ 9
Event: 38.749 Thread 0x0000000016966000 Uncommon trap: reason=class_check action=maybe_recompile pc=0x0000000002a44f70 method=com.android.dx.ssa.NormalSsaInsn.accept(Lcom/android/dx/ssa/SsaInsn$Visitor;)V @ 9
Event: 38.749 Thread 0x0000000016966000 Uncommon trap: reason=class_check action=maybe_recompile pc=0x0000000002a44f70 method=com.android.dx.ssa.NormalSsaInsn.accept(Lcom/android/dx/ssa/SsaInsn$Visitor;)V @ 9
Event: 38.749 Thread 0x0000000016966000 Uncommon trap: reason=class_check action=maybe_recompile pc=0x0000000002a44f70 method=com.android.dx.ssa.NormalSsaInsn.accept(Lcom/android/dx/ssa/SsaInsn$Visitor;)V @ 9
Event: 38.765 Thread 0x0000000016966000 Uncommon trap: reason=class_check action=maybe_recompile pc=0x0000000002a5df94 method=com.android.dx.ssa.NormalSsaInsn.accept(Lcom/android/dx/ssa/SsaInsn$Visitor;)V @ 9
Event: 38.905 Thread 0x0000000016942800 Uncommon trap: reason=unstable_if action=reinterpret pc=0x00000000029ff824 method=java.util.HashMap.getNode(ILjava/lang/Object;)Ljava/util/HashMap$Node; @ 62

Internal exceptions (2 events):
Event: 25.969 Thread 0x0000000000c1e000 Exception <a 'java/lang/NoSuchMethodError': Method sun.misc.Unsafe.defineClass(Ljava/lang/String;[BII)Ljava/lang/Class; name or signature does not match> (0x00000000eab0d530) thrown at [C:\re\workspace\8-2-build-windows-amd64-cygwin\jdk8u45\3627\hotspot\sr“fÚ9ø9@
Event: 25.970 Thread 0x0000000000c1e000 Exception <a 'java/lang/NoSuchMethodError': Method sun.misc.Unsafe.prefetchRead(Ljava/lang/Object;J)V name or signature does not match> (0x00000000eab0d7c0) thrown at [C:\re\workspace\8-2-build-windows-amd64-cygwin\jdk8u45\3627\hotspot\src\share\vm\prims\j

Events (10 events):
Event: 38.765 Thread 0x0000000016966000 Uncommon trap: trap_request=0xffffffde fr.pc=0x0000000002a5df94
Event: 38.765 Thread 0x0000000016966000 DEOPT PACKING pc=0x0000000002a5df94 sp=0x00000000177beb80
Event: 38.765 Thread 0x0000000016966000 DEOPT UNPACKING pc=0x00000000027d582a sp=0x00000000177beac0 mode 2
Event: 38.905 Thread 0x0000000016942800 Uncommon trap: trap_request=0xffffff65 fr.pc=0x00000000029ff824
Event: 38.905 Thread 0x0000000016942800 DEOPT PACKING pc=0x00000000029ff824 sp=0x00000000175be9e0
Event: 38.905 Thread 0x0000000016942800 DEOPT UNPACKING pc=0x00000000027d582a sp=0x00000000175be900 mode 2
Event: 39.101 Executing VM operation: ParallelGCFailedAllocation
Event: 39.151 Executing VM operation: ParallelGCFailedAllocation done
Event: 39.337 Thread 0x0000000014ebc800 flushing nmethod 0x0000000002898f50
Event: 39.337 Thread 0x0000000014ebc800 flushing nmethod 0x0000000002899a10


Dynamic libraries:
0x00007ff69ba40000 - 0x00007ff69ba77000 	C:\Program Files\Java\jdk1.8.0_45\bin\java.exe
0x00007ffbd3930000 - 0x00007ffbd3add000 	C:\Windows\SYSTEM32\ntdll.dll
0x00007ffbd3520000 - 0x00007ffbd365a000 	C:\Windows\system32\KERNEL32.DLL
0x00007ffbd0d80000 - 0x00007ffbd0e95000 	C:\Windows\system32\KERNELBASE.dll
0x00007ffbcf6c0000 - 0x00007ffbcf74e000 	C:\Windows\system32\apphelp.dll
0x00007ffbc6f10000 - 0x00007ffbc6f63000 	C:\Windows\AppPatch\AppPatch64\AcGenral.DLL
0x00007ffbd0ff0000 - 0x00007ffbd1097000 	C:\Windows\system32\msvcrt.dll
0x00007ffbd0900000 - 0x00007ffbd092b000 	C:\Windows\SYSTEM32\SspiCli.dll
0x00007ffbd2ff0000 - 0x00007ffbd3041000 	C:\Windows\system32\SHLWAPI.dll
0x00007ffbd3660000 - 0x00007ffbd37d7000 	C:\Windows\system32\USER32.dll
0x00007ffbd3380000 - 0x00007ffbd3514000 	C:\Windows\system32\ole32.dll
0x00007ffbd1100000 - 0x00007ffbd262a000 	C:\Windows\system32\SHELL32.dll
0x00007ffbd00b0000 - 0x00007ffbd00ce000 	C:\Windows\SYSTEM32\USERENV.dll
0x00007ffbd2de0000 - 0x00007ffbd2e8a000 	C:\Windows\system32\ADVAPI32.dll
0x00007ffbc4db0000 - 0x00007ffbc4dcb000 	C:\Windows\SYSTEM32\MPR.dll
0x00007ffbd37e0000 - 0x00007ffbd3921000 	C:\Windows\system32\RPCRT4.dll
0x00007ffbd26f0000 - 0x00007ffbd2749000 	C:\Windows\SYSTEM32\sechost.dll
0x00007ffbd29d0000 - 0x00007ffbd2be1000 	C:\Windows\SYSTEM32\combase.dll
0x00007ffbd2c30000 - 0x00007ffbd2d80000 	C:\Windows\system32\GDI32.dll
0x00007ffbd0ad0000 - 0x00007ffbd0ae4000 	C:\Windows\SYSTEM32\profapi.dll
0x00007ffbceed0000 - 0x00007ffbcef82000 	C:\Windows\SYSTEM32\SHCORE.dll
0x00007ffbd2bf0000 - 0x00007ffbd2c24000 	C:\Windows\system32\IMM32.DLL
0x00007ffbd2e90000 - 0x00007ffbd2fe2000 	C:\Windows\system32\MSCTF.dll
0x00007ffbce800000 - 0x00007ffbcea7b000 	C:\Windows\WinSxS\amd64_microsoft.windows.common-controls_6595b64144ccf1df_6.0.9600.18006_none_623f33d3ecbe86e8\COMCTL32.dll
0x000000006e670000 - 0x000000006e742000 	C:\Program Files\Java\jdk1.8.0_45\jre\bin\msvcr100.dll
0x000000006ee30000 - 0x000000006f6b3000 	C:\Program Files\Java\jdk1.8.0_45\jre\bin\server\jvm.dll
0x00007ffbbcef0000 - 0x00007ffbbcef9000 	C:\Windows\SYSTEM32\WSOCK32.dll
0x00007ffbc4760000 - 0x00007ffbc477f000 	C:\Windows\SYSTEM32\WINMM.dll
0x00007ffbc9450000 - 0x00007ffbc945a000 	C:\Windows\SYSTEM32\VERSION.dll
0x00007ffbd2630000 - 0x00007ffbd2637000 	C:\Windows\system32\PSAPI.DLL
0x00007ffbd3160000 - 0x00007ffbd31b8000 	C:\Windows\system32\WS2_32.dll
0x00007ffbc4730000 - 0x00007ffbc475a000 	C:\Windows\SYSTEM32\WINMMBASE.dll
0x00007ffbd3150000 - 0x00007ffbd3159000 	C:\Windows\system32\NSI.dll
0x00007ffbd0f50000 - 0x00007ffbd0f9a000 	C:\Windows\SYSTEM32\cfgmgr32.dll
0x00007ffbcf910000 - 0x00007ffbcf936000 	C:\Windows\SYSTEM32\DEVOBJ.dll
0x000000006fc00000 - 0x000000006fc0f000 	C:\Program Files\Java\jdk1.8.0_45\jre\bin\verify.dll
0x000000006ed20000 - 0x000000006ed49000 	C:\Program Files\Java\jdk1.8.0_45\jre\bin\java.dll
0x000000006fbe0000 - 0x000000006fbf6000 	C:\Program Files\Java\jdk1.8.0_45\jre\bin\zip.dll

VM Arguments:
jvm_args: -Djava.awt.headless=true -Xmx1024M -Dfile.encoding=windows-1252 -Duser.country=US -Duser.language=en -Duser.variant 
java_command: com.android.dx.command.Main --dex --force-jumbo --num-threads=4 --multi-dex --output E:\Android\AiLaTrieuPhu\app\build\intermediates\transforms\dex\debug\folders\1000\10\com.google.android.gms-play-services-basement-8.4.0_d3342c960509816e3c96cc68b34e969bd1009fb6 E:\Android\AiLaTrieuPhu\app\build\intermediates\exploded-aar\com.google.android.gms\play-services-basement\8.4.0\jars\classes.jar
java_class_path (initial): E:\Platform Android\build-tools\23.0.2\lib\dx.jar
Launcher Type: SUN_STANDARD

Environment Variables:
JAVA_HOME=C:\Program Files\Java\jdk1.8.0_45
PATH=C:\ProgramData\Oracle\Java\javapath;C:\Windows\system32;C:\Windows;C:\Windows\System32\Wbem;C:\Windows\System32\WindowsPowerShell\v1.0\;C:\Program Files (x86)\Windows Kits\8.1\Windows Performance Toolkit\;C:\Program Files\Microsoft SQL Server\110\Tools\Binn\;C:\Program Files\Microsoft SQL Server\120\DTS\Binn\;C:\Program Files\Microsoft SQL Server\Client SDK\ODBC\110\Tools\Binn\;C:\Program Files (x86)\Microsoft SQL Server\120\Tools\Binn\;C:\Program Files\Microsoft SQL Server\120\Tools\Binn\;C:\Program Files (x86)\Microsoft SQL Server\120\Tools\Binn\ManagementStudio\;C:\Program Files (x86)\Microsoft SQL Server\120\DTS\Binn\;C:\Program Files (x86)\Windows Live\Shared;C:\Program Files (x86)\Skype\Phone\;
USERNAME=The Boss
OS=Windows_NT
PROCESSOR_IDENTIFIER=Intel64 Family 6 Model 58 Stepping 9, GenuineIntel



---------------  S Y S T E M  ---------------

OS: Windows 8.1 , 64 bit Build 9600 (6.3.9600.17056)

CPU:total 4 (2 cores per cpu, 2 threads per core) family 6 model 58 stepping 9, cmov, cx8, fxsr, mmx, sse, sse2, sse3, ssse3, sse4.1, sse4.2, popcnt, avx, clmul, erms, ht, tsc, tscinvbit, tscinv

Memory: 4k page, physical 4072728k(105356k free), swap 6169880k(276k free)

vm_info: Java HotSpot(TM) 64-Bit Server VM (25.45-b02) for windows-amd64 JRE (1.8.0_45-b15), built on Apr 30 2015 12:40:44 by "java_re" with MS VC++ 10.0 (VS2010)

time: Fri Apr 15 09:34:45 2016
elapsed time: 40 seconds (0d 0h 0m 40s)

