#
# There is insufficient memory for the Java Runtime Environment to continue.
# Native memory allocation (malloc) failed to allocate 32744 bytes for ChunkPool::allocate
# Possible reasons:
#   The system is out of physical RAM or swap space
#   In 32 bit mode, the process size limit was hit
# Possible solutions:
#   Reduce memory load on the system
#   Increase physical memory or swap space
#   Check if swap backing store is full
#   Use 64 bit Java on a 64 bit OS
#   Decrease Java heap size (-Xmx/-Xms)
#   Decrease number of Java threads
#   Decrease Java thread stack sizes (-Xss)
#   Set larger code cache with -XX:ReservedCodeCacheSize=
# This output file may be truncated or incomplete.
#
#  Out of Memory Error (allocation.cpp:273), pid=7048, tid=4512
#
# JRE version: Java(TM) SE Runtime Environment (8.0_45-b15) (build 1.8.0_45-b15)
# Java VM: Java HotSpot(TM) 64-Bit Server VM (25.45-b02 mixed mode windows-amd64 compressed oops)
# Failed to write core dump. Minidumps are not enabled by default on client versions of Windows
#

---------------  T H R E A D  ---------------

Current thread (0x0000000014588800):  JavaThread "C1 CompilerThread2" daemon [_thread_in_native, id=4512, stack(0x0000000015ce0000,0x0000000015de0000)]

Stack: [0x0000000015ce0000,0x0000000015de0000]
Native frames: (J=compiled Java code, j=interpreted, Vv=VM code, C=native code)
V  [jvm.dll+0x32b57a]


Current CompileTask:
C1:    916  111       3       sun.nio.cs.UTF_8$Decoder::decode (779 bytes)


---------------  P R O C E S S  ---------------

Java Threads: ( => current thread )
  0x0000000015df6800 JavaThread "Service Thread" daemon [_thread_blocked, id=4748, stack(0x00000000161e0000,0x00000000162e0000)]
=>0x0000000014588800 JavaThread "C1 CompilerThread2" daemon [_thread_in_native, id=4512, stack(0x0000000015ce0000,0x0000000015de0000)]
  0x0000000014580000 JavaThread "C2 CompilerThread1" daemon [_thread_blocked, id=2604, stack(0x0000000015be0000,0x0000000015ce0000)]
  0x000000001457c800 JavaThread "C2 CompilerThread0" daemon [_thread_blocked, id=5912, stack(0x0000000015ae0000,0x0000000015be0000)]
  0x000000001457b000 JavaThread "Attach Listener" daemon [_thread_blocked, id=5036, stack(0x00000000159e0000,0x0000000015ae0000)]
  0x0000000014579800 JavaThread "Signal Dispatcher" daemon [_thread_blocked, id=3672, stack(0x00000000158e0000,0x00000000159e0000)]
  0x0000000001ea6000 JavaThread "Finalizer" daemon [_thread_blocked, id=6160, stack(0x00000000157d0000,0x00000000158d0000)]
  0x0000000001e9d000 JavaThread "Reference Handler" daemon [_thread_blocked, id=6152, stack(0x00000000156d0000,0x00000000157d0000)]
  0x000000000053e000 JavaThread "main" [_thread_in_Java, id=7124, stack(0x0000000001cb0000,0x0000000001db0000)]

Other Threads:
  0x0000000014547800 VMThread [stack: 0x00000000155d0000,0x00000000156d0000] [id=7164]
  0x0000000015df7800 WatcherThread [stack: 0x00000000162e0000,0x00000000163e0000] [id=4576]

VM state:not at safepoint (normal execution)

VM Mutex/Monitor currently owned by a thread: None

Heap:
 PSYoungGen      total 18944K, used 2345K [0x00000000eab00000, 0x00000000ec000000, 0x0000000100000000)
  eden space 16384K, 14% used [0x00000000eab00000,0x00000000ead4a6b0,0x00000000ebb00000)
  from space 2560K, 0% used [0x00000000ebd80000,0x00000000ebd80000,0x00000000ec000000)
  to   space 2560K, 0% used [0x00000000ebb00000,0x00000000ebb00000,0x00000000ebd80000)
 ParOldGen       total 44032K, used 0K [0x00000000c0000000, 0x00000000c2b00000, 0x00000000eab00000)
  object space 44032K, 0% used [0x00000000c0000000,0x00000000c0000000,0x00000000c2b00000)
 Metaspace       used 3342K, capacity 4720K, committed 4864K, reserved 1056768K
  class space    used 367K, capacity 424K, committed 512K, reserved 1048576K

Card table byte_map: [0x0000000011270000,0x0000000011480000] byte_map_base: 0x0000000010c70000

Marking Bits: (ParMarkBitMap*) 0x000000006f634040
 Begin Bits: [0x00000000119e0000, 0x00000000129e0000)
 End Bits:   [0x00000000129e0000, 0x00000000139e0000)

Polling page: 0x0000000000520000

CodeCache: size=245760Kb used=1267Kb max_used=1267Kb free=244492Kb
 bounds [0x0000000001eb0000, 0x0000000002120000, 0x0000000010eb0000]
 total_blobs=360 nmethods=111 adapters=162
 compilation: enabled

Compilation events (10 events):
Event: 0.889 Thread 0x0000000014588800 nmethod 106 0x0000000001fea190 code [0x0000000001fea2e0, 0x0000000001fea3f0]
Event: 0.889 Thread 0x0000000014588800  107       3       java.util.Date::getCalendarSystem (15 bytes)
Event: 0.890 Thread 0x0000000014588800 nmethod 107 0x0000000001fea450 code [0x0000000001fea5e0, 0x0000000001feaae8]
Event: 0.890 Thread 0x0000000014588800  109       3       sun.util.calendar.ZoneInfo::getOffsets (276 bytes)
Event: 0.894 Thread 0x0000000014588800 nmethod 109 0x0000000001feac50 code [0x0000000001feae80, 0x0000000001febc08]
Event: 0.894 Thread 0x0000000014588800  108       1       sun.util.calendar.CalendarDate::isStandardTime (5 bytes)
Event: 0.894 Thread 0x0000000014588800 nmethod 108 0x0000000001fec450 code [0x0000000001fec5a0, 0x0000000001fec6b0]
Event: 0.894 Thread 0x0000000014588800  110       1       sun.util.calendar.BaseCalendar$Date::getCachedYear (5 bytes)
Event: 0.894 Thread 0x0000000014588800 nmethod 110 0x0000000001fec710 code [0x0000000001fec860, 0x0000000001fec970]
Event: 0.895 Thread 0x0000000014588800  111       3       sun.nio.cs.UTF_8$Decoder::decode (779 bytes)

GC Heap History (0 events):
No events

Deoptimization events (0 events):
No events

Internal exceptions (2 events):
Event: 0.217 Thread 0x000000000053e000 Exception <a 'java/lang/NoSuchMethodError': Method sun.misc.Unsafe.defineClass(Ljava/lang/String;[BII)Ljava/lang/Class; name or signature does not match> (0x00000000eab0d530) thrown at [C:\re\workspace\8-2-build-windows-amd64-cygwin\jdk8u45\3627\hotspot\srXûπµ“À?
Event: 0.217 Thread 0x000000000053e000 Exception <a 'java/lang/NoSuchMethodError': Method sun.misc.Unsafe.prefetchRead(Ljava/lang/Object;J)V name or signature does not match> (0x00000000eab0d7c0) thrown at [C:\re\workspace\8-2-build-windows-amd64-cygwin\jdk8u45\3627\hotspot\src\share\vm\prims\j

Events (10 events):
Event: 0.832 loading class java/util/concurrent/Executors$DelegatedExecutorService done
Event: 0.832 loading class java/util/concurrent/Executors$FinalizableDelegatedExecutorService done
Event: 0.832 loading class com/android/dx/cf/direct/ClassPathOpener
Event: 0.832 loading class com/android/dx/cf/direct/ClassPathOpener done
Event: 0.835 loading class com/android/dx/cf/direct/ClassPathOpener$1
Event: 0.835 loading class com/android/dx/cf/direct/ClassPathOpener$1 done
Event: 0.841 loading class com/android/dx/command/dexer/Main$FileBytesConsumer
Event: 0.841 loading class com/android/dx/command/dexer/Main$FileBytesConsumer done
Event: 0.853 loading class java/util/zip/ZipFile$ZipEntryIterator
Event: 0.854 loading class java/util/zip/ZipFile$ZipEntryIterator done


Dynamic libraries:
0x00007ff69ba40000 - 0x00007ff69ba77000 	C:\Program Files\Java\jdk1.8.0_45\bin\java.exe
0x00007ffbd3930000 - 0x00007ffbd3add000 	C:\Windows\SYSTEM32\ntdll.dll
0x00007ffbd3520000 - 0x00007ffbd365a000 	C:\Windows\system32\KERNEL32.DLL
0x00007ffbd0d80000 - 0x00007ffbd0e95000 	C:\Windows\system32\KERNELBASE.dll
0x00007ffbcf6c0000 - 0x00007ffbcf74e000 	C:\Windows\system32\apphelp.dll
0x00007ffbc6f10000 - 0x00007ffbc6f63000 	C:\Windows\AppPatch\AppPatch64\AcGenral.DLL
0x00007ffbd0ff0000 - 0x00007ffbd1097000 	C:\Windows\system32\msvcrt.dll
0x00007ffbd0900000 - 0x00007ffbd092b000 	C:\Windows\SYSTEM32\SspiCli.dll
0x00007ffbd2ff0000 - 0x00007ffbd3041000 	C:\Windows\system32\SHLWAPI.dll
0x00007ffbd3660000 - 0x00007ffbd37d7000 	C:\Windows\system32\USER32.dll
0x00007ffbd3380000 - 0x00007ffbd3514000 	C:\Windows\system32\ole32.dll
0x00007ffbd1100000 - 0x00007ffbd262a000 	C:\Windows\system32\SHELL32.dll
0x00007ffbd00b0000 - 0x00007ffbd00ce000 	C:\Windows\SYSTEM32\USERENV.dll
0x00007ffbd2de0000 - 0x00007ffbd2e8a000 	C:\Windows\system32\ADVAPI32.dll
0x00007ffbc4db0000 - 0x00007ffbc4dcb000 	C:\Windows\SYSTEM32\MPR.dll
0x00007ffbd37e0000 - 0x00007ffbd3921000 	C:\Windows\system32\RPCRT4.dll
0x00007ffbd26f0000 - 0x00007ffbd2749000 	C:\Windows\SYSTEM32\sechost.dll
0x00007ffbd29d0000 - 0x00007ffbd2be1000 	C:\Windows\SYSTEM32\combase.dll
0x00007ffbd2c30000 - 0x00007ffbd2d80000 	C:\Windows\system32\GDI32.dll
0x00007ffbd0ad0000 - 0x00007ffbd0ae4000 	C:\Windows\SYSTEM32\profapi.dll
0x00007ffbceed0000 - 0x00007ffbcef82000 	C:\Windows\SYSTEM32\SHCORE.dll
0x00007ffbd2bf0000 - 0x00007ffbd2c24000 	C:\Windows\system32\IMM32.DLL
0x00007ffbd2e90000 - 0x00007ffbd2fe2000 	C:\Windows\system32\MSCTF.dll
0x00007ffbce800000 - 0x00007ffbcea7b000 	C:\Windows\WinSxS\amd64_microsoft.windows.common-controls_6595b64144ccf1df_6.0.9600.18006_none_623f33d3ecbe86e8\COMCTL32.dll
0x000000006e670000 - 0x000000006e742000 	C:\Program Files\Java\jdk1.8.0_45\jre\bin\msvcr100.dll
0x000000006ee30000 - 0x000000006f6b3000 	C:\Program Files\Java\jdk1.8.0_45\jre\bin\server\jvm.dll
0x00007ffbbcef0000 - 0x00007ffbbcef9000 	C:\Windows\SYSTEM32\WSOCK32.dll
0x00007ffbc4760000 - 0x00007ffbc477f000 	C:\Windows\SYSTEM32\WINMM.dll
0x00007ffbc9450000 - 0x00007ffbc945a000 	C:\Windows\SYSTEM32\VERSION.dll
0x00007ffbd2630000 - 0x00007ffbd2637000 	C:\Windows\system32\PSAPI.DLL
0x00007ffbd3160000 - 0x00007ffbd31b8000 	C:\Windows\system32\WS2_32.dll
0x00007ffbc4730000 - 0x00007ffbc475a000 	C:\Windows\SYSTEM32\WINMMBASE.dll
0x00007ffbd3150000 - 0x00007ffbd3159000 	C:\Windows\system32\NSI.dll
0x00007ffbd0f50000 - 0x00007ffbd0f9a000 	C:\Windows\SYSTEM32\cfgmgr32.dll
0x00007ffbcf910000 - 0x00007ffbcf936000 	C:\Windows\SYSTEM32\DEVOBJ.dll
0x000000006fc00000 - 0x000000006fc0f000 	C:\Program Files\Java\jdk1.8.0_45\jre\bin\verify.dll
0x000000006ed20000 - 0x000000006ed49000 	C:\Program Files\Java\jdk1.8.0_45\jre\bin\java.dll
0x000000006fbe0000 - 0x000000006fbf6000 	C:\Program Files\Java\jdk1.8.0_45\jre\bin\zip.dll

VM Arguments:
jvm_args: -Djava.awt.headless=true -Xmx1024M -Dfile.encoding=windows-1252 -Duser.country=US -Duser.language=en -Duser.variant 
java_command: com.android.dx.command.Main --dex --force-jumbo --num-threads=4 --multi-dex --output E:\Android\AiLaTrieuPhu\app\build\intermediates\transforms\dex\debug\folders\1000\10\com.google.android.gms-play-services-location-8.4.0_7428de360675143ab5422b1948621b57757dbda7 E:\Android\AiLaTrieuPhu\app\build\intermediates\exploded-aar\com.google.android.gms\play-services-location\8.4.0\jars\classes.jar
java_class_path (initial): E:\Platform Android\build-tools\23.0.2\lib\dx.jar
Launcher Type: SUN_STANDARD

Environment Variables:
JAVA_HOME=C:\Program Files\Java\jdk1.8.0_45
PATH=C:\ProgramData\Oracle\Java\javapath;C:\Windows\system32;C:\Windows;C:\Windows\System32\Wbem;C:\Windows\System32\WindowsPowerShell\v1.0\;C:\Program Files (x86)\Windows Kits\8.1\Windows Performance Toolkit\;C:\Program Files\Microsoft SQL Server\110\Tools\Binn\;C:\Program Files\Microsoft SQL Server\120\DTS\Binn\;C:\Program Files\Microsoft SQL Server\Client SDK\ODBC\110\Tools\Binn\;C:\Program Files (x86)\Microsoft SQL Server\120\Tools\Binn\;C:\Program Files\Microsoft SQL Server\120\Tools\Binn\;C:\Program Files (x86)\Microsoft SQL Server\120\Tools\Binn\ManagementStudio\;C:\Program Files (x86)\Microsoft SQL Server\120\DTS\Binn\;C:\Program Files (x86)\Windows Live\Shared;C:\Program Files (x86)\Skype\Phone\;
USERNAME=The Boss
OS=Windows_NT
PROCESSOR_IDENTIFIER=Intel64 Family 6 Model 58 Stepping 9, GenuineIntel



---------------  S Y S T E M  ---------------

OS: Windows 8.1 , 64 bit Build 9600 (6.3.9600.17056)

CPU:total 4 (2 cores per cpu, 2 threads per core) family 6 model 58 stepping 9, cmov, cx8, fxsr, mmx, sse, sse2, sse3, ssse3, sse4.1, sse4.2, popcnt, avx, clmul, erms, ht, tsc, tscinvbit, tscinv

Memory: 4k page, physical 4072728k(205116k free), swap 6169880k(5040k free)

vm_info: Java HotSpot(TM) 64-Bit Server VM (25.45-b02) for windows-amd64 JRE (1.8.0_45-b15), built on Apr 30 2015 12:40:44 by "java_re" with MS VC++ 10.0 (VS2010)

time: Fri Apr 15 09:35:07 2016
elapsed time: 0 seconds (0d 0h 0m 0s)

