#
# There is insufficient memory for the Java Runtime Environment to continue.
# Native memory allocation (malloc) failed to allocate 65552 bytes for Chunk::new
# Possible reasons:
#   The system is out of physical RAM or swap space
#   In 32 bit mode, the process size limit was hit
# Possible solutions:
#   Reduce memory load on the system
#   Increase physical memory or swap space
#   Check if swap backing store is full
#   Use 64 bit Java on a 64 bit OS
#   Decrease Java heap size (-Xmx/-Xms)
#   Decrease number of Java threads
#   Decrease Java thread stack sizes (-Xss)
#   Set larger code cache with -XX:ReservedCodeCacheSize=
# This output file may be truncated or incomplete.
#
#  Out of Memory Error (allocation.cpp:390), pid=6176, tid=6496
#
# JRE version: Java(TM) SE Runtime Environment (8.0_45-b15) (build 1.8.0_45-b15)
# Java VM: Java HotSpot(TM) 64-Bit Server VM (25.45-b02 mixed mode windows-amd64 compressed oops)
# Failed to write core dump. Minidumps are not enabled by default on client versions of Windows
#

---------------  T H R E A D  ---------------

Current thread (0x0000000014dce000):  JavaThread "C2 CompilerThread1" daemon [_thread_in_native, id=6496, stack(0x00000000163d0000,0x00000000164d0000)]

Stack: [0x00000000163d0000,0x00000000164d0000]
Native frames: (J=compiled Java code, j=interpreted, Vv=VM code, C=native code)
V  [jvm.dll+0x32b57a]
V  [jvm.dll+0x279873]
V  [jvm.dll+0x27a509]
V  [jvm.dll+0x271825]
V  [jvm.dll+0xcb9e2]
V  [jvm.dll+0xcbeac]
V  [jvm.dll+0xcc204]
V  [jvm.dll+0x4ea280]
V  [jvm.dll+0x4b9806]
V  [jvm.dll+0x46bc14]
V  [jvm.dll+0x46ccbe]
V  [jvm.dll+0x4500f2]
V  [jvm.dll+0xa4352]
V  [jvm.dll+0xa4c8f]
V  [jvm.dll+0x241984]
V  [jvm.dll+0x29853a]
C  [msvcr100.dll+0x21d9f]
C  [msvcr100.dll+0x21e3b]
C  [KERNEL32.DLL+0x16ad]
C  [ntdll.dll+0x154e4]


Current CompileTask:
C2:  43157 1064       4       com.android.dx.ssa.SCCP::simulatePhi (169 bytes)


---------------  P R O C E S S  ---------------

Java Threads: ( => current thread )
  0x000000000257e000 JavaThread "DestroyJavaVM" [_thread_blocked, id=6256, stack(0x0000000002470000,0x0000000002570000)]
  0x00000000165d2800 JavaThread "Service Thread" daemon [_thread_blocked, id=6516, stack(0x00000000169d0000,0x0000000016ad0000)]
  0x0000000014dd9000 JavaThread "C1 CompilerThread2" daemon [_thread_in_native, id=6512, stack(0x00000000164d0000,0x00000000165d0000)]
=>0x0000000014dce000 JavaThread "C2 CompilerThread1" daemon [_thread_in_native, id=6496, stack(0x00000000163d0000,0x00000000164d0000)]
  0x0000000014d7c800 JavaThread "C2 CompilerThread0" daemon [_thread_in_native, id=6484, stack(0x00000000162d0000,0x00000000163d0000)]
  0x0000000014d7b000 JavaThread "Attach Listener" daemon [_thread_blocked, id=6472, stack(0x00000000161d0000,0x00000000162d0000)]
  0x0000000014d79800 JavaThread "Signal Dispatcher" daemon [_thread_blocked, id=6456, stack(0x00000000160d0000,0x00000000161d0000)]
  0x00000000026a6000 JavaThread "Finalizer" daemon [_thread_blocked, id=6404, stack(0x0000000015fd0000,0x00000000160d0000)]
  0x000000000269d000 JavaThread "Reference Handler" daemon [_thread_blocked, id=6392, stack(0x0000000015ed0000,0x0000000015fd0000)]

Other Threads:
  0x0000000014d47800 VMThread [stack: 0x0000000015dd0000,0x0000000015ed0000] [id=6368]
  0x00000000165d3000 WatcherThread [stack: 0x0000000016ad0000,0x0000000016bd0000] [id=6540]

VM state:not at safepoint (normal execution)

VM Mutex/Monitor currently owned by a thread: None

Heap:
 PSYoungGen      total 18944K, used 15302K [0x00000000eab00000, 0x00000000ec000000, 0x0000000100000000)
  eden space 16384K, 77% used [0x00000000eab00000,0x00000000eb779b48,0x00000000ebb00000)
  from space 2560K, 98% used [0x00000000ebb00000,0x00000000ebd78018,0x00000000ebd80000)
  to   space 2560K, 0% used [0x00000000ebd80000,0x00000000ebd80000,0x00000000ec000000)
 ParOldGen       total 44032K, used 6710K [0x00000000c0000000, 0x00000000c2b00000, 0x00000000eab00000)
  object space 44032K, 15% used [0x00000000c0000000,0x00000000c068d8f8,0x00000000c2b00000)
 Metaspace       used 6303K, capacity 7064K, committed 7424K, reserved 1056768K
  class space    used 644K, capacity 656K, committed 768K, reserved 1048576K

Card table byte_map: [0x0000000011a70000,0x0000000011c80000] byte_map_base: 0x0000000011470000

Marking Bits: (ParMarkBitMap*) 0x000000006f634040
 Begin Bits: [0x00000000121e0000, 0x00000000131e0000)
 End Bits:   [0x00000000131e0000, 0x00000000141e0000)

Polling page: 0x0000000000bc0000

CodeCache: size=245760Kb used=4273Kb max_used=4273Kb free=241486Kb
 bounds [0x00000000026b0000, 0x0000000002ae0000, 0x00000000116b0000]
 total_blobs=1371 nmethods=1093 adapters=189
 compilation: enabled

Compilation events (10 events):
Event: 39.349 Thread 0x0000000014dd9000 1090       2       com.android.dx.rop.code.Insn$BaseVisitor::visitThrowingCstInsn (1 bytes)
Event: 39.349 Thread 0x0000000014dd9000 nmethod 1090 0x0000000002ac77d0 code [0x0000000002ac7920, 0x0000000002ac7a70]
Event: 39.349 Thread 0x0000000014dd9000 1091       2       com.android.dx.dex.code.RopTranslator$TranslationVisitor::visitThrowingCstInsn (225 bytes)
Event: 39.353 Thread 0x0000000014dd9000 nmethod 1091 0x0000000002ac7b10 code [0x0000000002ac7da0, 0x0000000002ac8748]
Event: 39.353 Thread 0x0000000014dd9000 1092       2       com.android.dx.dex.code.RopTranslator$LocalVariableAwareTranslationVisitor::visitThrowingCstInsn (11 bytes)
Event: 39.354 Thread 0x0000000014dd9000 nmethod 1092 0x0000000002ac9350 code [0x0000000002ac9500, 0x0000000002ac9918]
Event: 39.354 Thread 0x0000000014dd9000 1101       2       com.android.dx.cf.code.OneLocalsArray::get (20 bytes)
Event: 39.354 Thread 0x0000000014dd9000 nmethod 1101 0x0000000002ac9d90 code [0x0000000002ac9f00, 0x0000000002aca0c8]
Event: 39.354 Thread 0x0000000014dd9000 1095       2       com.android.dx.ssa.SsaMethod::onInsnRemoved (43 bytes)
Event: 39.355 Thread 0x0000000014dd9000 nmethod 1095 0x0000000002aca1d0 code [0x0000000002aca340, 0x0000000002aca578]

GC Heap History (4 events):
Event: 38.031 GC heap before
{Heap before GC invocations=1 (full 0):
 PSYoungGen      total 18944K, used 16384K [0x00000000eab00000, 0x00000000ec000000, 0x0000000100000000)
  eden space 16384K, 100% used [0x00000000eab00000,0x00000000ebb00000,0x00000000ebb00000)
  from space 2560K, 0% used [0x00000000ebd80000,0x00000000ebd80000,0x00000000ec000000)
  to   space 2560K, 0% used [0x00000000ebb00000,0x00000000ebb00000,0x00000000ebd80000)
 ParOldGen       total 44032K, used 0K [0x00000000c0000000, 0x00000000c2b00000, 0x00000000eab00000)
  object space 44032K, 0% used [0x00000000c0000000,0x00000000c0000000,0x00000000c2b00000)
 Metaspace       used 5705K, capacity 6768K, committed 7040K, reserved 1056768K
  class space    used 584K, capacity 616K, committed 640K, reserved 1048576K
Event: 38.293 GC heap after
Heap after GC invocations=1 (full 0):
 PSYoungGen      total 18944K, used 2538K [0x00000000eab00000, 0x00000000ec000000, 0x0000000100000000)
  eden space 16384K, 0% used [0x00000000eab00000,0x00000000eab00000,0x00000000ebb00000)
  from space 2560K, 99% used [0x00000000ebb00000,0x00000000ebd7aac8,0x00000000ebd80000)
  to   space 2560K, 0% used [0x00000000ebd80000,0x00000000ebd80000,0x00000000ec000000)
 ParOldGen       total 44032K, used 1700K [0x00000000c0000000, 0x00000000c2b00000, 0x00000000eab00000)
  object space 44032K, 3% used [0x00000000c0000000,0x00000000c01a91e8,0x00000000c2b00000)
 Metaspace       used 5705K, capacity 6768K, committed 7040K, reserved 1056768K
  class space    used 584K, capacity 616K, committed 640K, reserved 1048576K
}
Event: 39.049 GC heap before
{Heap before GC invocations=2 (full 0):
 PSYoungGen      total 18944K, used 18922K [0x00000000eab00000, 0x00000000ec000000, 0x0000000100000000)
  eden space 16384K, 100% used [0x00000000eab00000,0x00000000ebb00000,0x00000000ebb00000)
  from space 2560K, 99% used [0x00000000ebb00000,0x00000000ebd7aac8,0x00000000ebd80000)
  to   space 2560K, 0% used [0x00000000ebd80000,0x00000000ebd80000,0x00000000ec000000)
 ParOldGen       total 44032K, used 1700K [0x00000000c0000000, 0x00000000c2b00000, 0x00000000eab00000)
  object space 44032K, 3% used [0x00000000c0000000,0x00000000c01a91e8,0x00000000c2b00000)
 Metaspace       used 5828K, capacity 6832K, committed 7040K, reserved 1056768K
  class space    used 590K, capacity 616K, committed 640K, reserved 1048576K
Event: 39.104 GC heap after
Heap after GC invocations=2 (full 0):
 PSYoungGen      total 18944K, used 2528K [0x00000000eab00000, 0x00000000ec000000, 0x0000000100000000)
  eden space 16384K, 0% used [0x00000000eab00000,0x00000000eab00000,0x00000000ebb00000)
  from space 2560K, 98% used [0x00000000ebd80000,0x00000000ebff8038,0x00000000ec000000)
  to   space 2560K, 0% used [0x00000000ebb00000,0x00000000ebb00000,0x00000000ebd80000)
 ParOldGen       total 44032K, used 4422K [0x00000000c0000000, 0x00000000c2b00000, 0x00000000eab00000)
  object space 44032K, 10% used [0x00000000c0000000,0x00000000c0451ad0,0x00000000c2b00000)
 Metaspace       used 5828K, capacity 6832K, committed 7040K, reserved 1056768K
  class space    used 590K, capacity 616K, committed 640K, reserved 1048576K
}

Deoptimization events (10 events):
Event: 37.194 Thread 0x0000000016748800 Uncommon trap: reason=unstable_if action=reinterpret pc=0x000000000297666c method=com.android.dx.rop.code.RegisterSpecSet.put(Lcom/android/dx/rop/code/RegisterSpec;)V @ 77
Event: 38.316 Thread 0x0000000016751000 Uncommon trap: reason=class_check action=maybe_recompile pc=0x000000000295e5b0 method=com.android.dx.ssa.NormalSsaInsn.accept(Lcom/android/dx/ssa/SsaInsn$Visitor;)V @ 9
Event: 38.316 Thread 0x0000000016751000 Uncommon trap: reason=class_check action=maybe_recompile pc=0x000000000295e5b0 method=com.android.dx.ssa.NormalSsaInsn.accept(Lcom/android/dx/ssa/SsaInsn$Visitor;)V @ 9
Event: 38.317 Thread 0x0000000016751000 Uncommon trap: reason=class_check action=maybe_recompile pc=0x000000000295e5b0 method=com.android.dx.ssa.NormalSsaInsn.accept(Lcom/android/dx/ssa/SsaInsn$Visitor;)V @ 9
Event: 38.317 Thread 0x0000000016751000 Uncommon trap: reason=class_check action=maybe_recompile pc=0x000000000295e5b0 method=com.android.dx.ssa.NormalSsaInsn.accept(Lcom/android/dx/ssa/SsaInsn$Visitor;)V @ 9
Event: 38.318 Thread 0x0000000016751000 Uncommon trap: reason=class_check action=maybe_recompile pc=0x000000000290e1b0 method=com.android.dx.ssa.NormalSsaInsn.accept(Lcom/android/dx/ssa/SsaInsn$Visitor;)V @ 9
Event: 38.361 Thread 0x0000000016759800 Uncommon trap: reason=unstable_if action=reinterpret pc=0x00000000029fafe4 method=com.android.dx.ssa.SsaRenamer$BlockRenamer.addMapping(ILcom/android/dx/rop/code/RegisterSpec;)V @ 120
Event: 38.863 Thread 0x0000000016759800 Uncommon trap: reason=bimorphic action=maybe_recompile pc=0x0000000002933dc8 method=java.util.HashMap.getNode(ILjava/lang/Object;)Ljava/util/HashMap$Node; @ 126
Event: 38.863 Thread 0x0000000016759800 Uncommon trap: reason=class_check action=maybe_recompile pc=0x0000000002a67dc8 method=java.util.HashMap.putVal(ILjava/lang/Object;Ljava/lang/Object;ZZ)Ljava/lang/Object; @ 203
Event: 38.981 Thread 0x0000000016748800 Uncommon trap: reason=unstable_if action=reinterpret pc=0x00000000029dec1c method=com.android.dx.rop.code.RegisterSpec.equals(ILcom/android/dx/rop/type/TypeBearer;Lcom/android/dx/rop/code/LocalItem;)Z @ 42

Internal exceptions (2 events):
Event: 25.969 Thread 0x000000000257e000 Exception <a 'java/lang/NoSuchMethodError': Method sun.misc.Unsafe.defineClass(Ljava/lang/String;[BII)Ljava/lang/Class; name or signature does not match> (0x00000000eab0d298) thrown at [C:\re\workspace\8-2-build-windows-amd64-cygwin\jdk8u45\3627\hotspot\srÃi· +ø9@
Event: 25.969 Thread 0x000000000257e000 Exception <a 'java/lang/NoSuchMethodError': Method sun.misc.Unsafe.prefetchRead(Ljava/lang/Object;J)V name or signature does not match> (0x00000000eab0d528) thrown at [C:\re\workspace\8-2-build-windows-amd64-cygwin\jdk8u45\3627\hotspot\src\share\vm\prims\j

Events (10 events):
Event: 39.038 loading class com/android/dx/cf/attrib/BaseAnnotations done
Event: 39.040 loading class java/util/HashMap$KeySet
Event: 39.040 loading class java/util/HashMap$KeySet done
Event: 39.040 loading class java/util/HashMap$KeyIterator
Event: 39.040 loading class java/util/HashMap$KeyIterator done
Event: 39.048 Executing VM operation: ParallelGCFailedAllocation
Event: 39.104 Executing VM operation: ParallelGCFailedAllocation done
Event: 39.205 Thread 0x0000000016748800 Thread exited: 0x0000000016748800
Event: 39.301 Thread 0x0000000014dd9000 flushing nmethod 0x00000000027b8f50
Event: 39.301 Thread 0x0000000014dd9000 flushing nmethod 0x00000000027b9a10


Dynamic libraries:
0x00007ff69ba40000 - 0x00007ff69ba77000 	C:\Program Files\Java\jdk1.8.0_45\bin\java.exe
0x00007ffbd3930000 - 0x00007ffbd3add000 	C:\Windows\SYSTEM32\ntdll.dll
0x00007ffbd3520000 - 0x00007ffbd365a000 	C:\Windows\system32\KERNEL32.DLL
0x00007ffbd0d80000 - 0x00007ffbd0e95000 	C:\Windows\system32\KERNELBASE.dll
0x00007ffbcf6c0000 - 0x00007ffbcf74e000 	C:\Windows\system32\apphelp.dll
0x00007ffbc6f10000 - 0x00007ffbc6f63000 	C:\Windows\AppPatch\AppPatch64\AcGenral.DLL
0x00007ffbd0ff0000 - 0x00007ffbd1097000 	C:\Windows\system32\msvcrt.dll
0x00007ffbd0900000 - 0x00007ffbd092b000 	C:\Windows\SYSTEM32\SspiCli.dll
0x00007ffbd2ff0000 - 0x00007ffbd3041000 	C:\Windows\system32\SHLWAPI.dll
0x00007ffbd3660000 - 0x00007ffbd37d7000 	C:\Windows\system32\USER32.dll
0x00007ffbd3380000 - 0x00007ffbd3514000 	C:\Windows\system32\ole32.dll
0x00007ffbd1100000 - 0x00007ffbd262a000 	C:\Windows\system32\SHELL32.dll
0x00007ffbd00b0000 - 0x00007ffbd00ce000 	C:\Windows\SYSTEM32\USERENV.dll
0x00007ffbd2de0000 - 0x00007ffbd2e8a000 	C:\Windows\system32\ADVAPI32.dll
0x00007ffbc4db0000 - 0x00007ffbc4dcb000 	C:\Windows\SYSTEM32\MPR.dll
0x00007ffbd37e0000 - 0x00007ffbd3921000 	C:\Windows\system32\RPCRT4.dll
0x00007ffbd26f0000 - 0x00007ffbd2749000 	C:\Windows\SYSTEM32\sechost.dll
0x00007ffbd29d0000 - 0x00007ffbd2be1000 	C:\Windows\SYSTEM32\combase.dll
0x00007ffbd2c30000 - 0x00007ffbd2d80000 	C:\Windows\system32\GDI32.dll
0x00007ffbd0ad0000 - 0x00007ffbd0ae4000 	C:\Windows\SYSTEM32\profapi.dll
0x00007ffbceed0000 - 0x00007ffbcef82000 	C:\Windows\SYSTEM32\SHCORE.dll
0x00007ffbd2bf0000 - 0x00007ffbd2c24000 	C:\Windows\system32\IMM32.DLL
0x00007ffbd2e90000 - 0x00007ffbd2fe2000 	C:\Windows\system32\MSCTF.dll
0x00007ffbce800000 - 0x00007ffbcea7b000 	C:\Windows\WinSxS\amd64_microsoft.windows.common-controls_6595b64144ccf1df_6.0.9600.18006_none_623f33d3ecbe86e8\COMCTL32.dll
0x000000006e670000 - 0x000000006e742000 	C:\Program Files\Java\jdk1.8.0_45\jre\bin\msvcr100.dll
0x000000006ee30000 - 0x000000006f6b3000 	C:\Program Files\Java\jdk1.8.0_45\jre\bin\server\jvm.dll
0x00007ffbbcef0000 - 0x00007ffbbcef9000 	C:\Windows\SYSTEM32\WSOCK32.dll
0x00007ffbc4760000 - 0x00007ffbc477f000 	C:\Windows\SYSTEM32\WINMM.dll
0x00007ffbc9450000 - 0x00007ffbc945a000 	C:\Windows\SYSTEM32\VERSION.dll
0x00007ffbd2630000 - 0x00007ffbd2637000 	C:\Windows\system32\PSAPI.DLL
0x00007ffbd3160000 - 0x00007ffbd31b8000 	C:\Windows\system32\WS2_32.dll
0x00007ffbc4730000 - 0x00007ffbc475a000 	C:\Windows\SYSTEM32\WINMMBASE.dll
0x00007ffbd3150000 - 0x00007ffbd3159000 	C:\Windows\system32\NSI.dll
0x00007ffbd0f50000 - 0x00007ffbd0f9a000 	C:\Windows\SYSTEM32\cfgmgr32.dll
0x00007ffbcf910000 - 0x00007ffbcf936000 	C:\Windows\SYSTEM32\DEVOBJ.dll
0x000000006fc00000 - 0x000000006fc0f000 	C:\Program Files\Java\jdk1.8.0_45\jre\bin\verify.dll
0x000000006ed20000 - 0x000000006ed49000 	C:\Program Files\Java\jdk1.8.0_45\jre\bin\java.dll
0x000000006fbe0000 - 0x000000006fbf6000 	C:\Program Files\Java\jdk1.8.0_45\jre\bin\zip.dll
0x00007ffbc92c0000 - 0x00007ffbc9449000 	C:\Windows\SYSTEM32\dbghelp.dll

VM Arguments:
jvm_args: -Djava.awt.headless=true -Xmx1024M -Dfile.encoding=windows-1252 -Duser.country=US -Duser.language=en -Duser.variant 
java_command: com.android.dx.command.Main --dex --force-jumbo --num-threads=4 --multi-dex --output E:\Android\AiLaTrieuPhu\app\build\intermediates\transforms\dex\debug\folders\1000\10\instant-run_763793cc3324f8fd7bcc5dfa733ebafbd6b30744 E:\Android\AiLaTrieuPhu\app\build\intermediates\incremental-runtime-classes\debug\instant-run.jar
java_class_path (initial): E:\Platform Android\build-tools\23.0.2\lib\dx.jar
Launcher Type: SUN_STANDARD

Environment Variables:
JAVA_HOME=C:\Program Files\Java\jdk1.8.0_45
PATH=C:\ProgramData\Oracle\Java\javapath;C:\Windows\system32;C:\Windows;C:\Windows\System32\Wbem;C:\Windows\System32\WindowsPowerShell\v1.0\;C:\Program Files (x86)\Windows Kits\8.1\Windows Performance Toolkit\;C:\Program Files\Microsoft SQL Server\110\Tools\Binn\;C:\Program Files\Microsoft SQL Server\120\DTS\Binn\;C:\Program Files\Microsoft SQL Server\Client SDK\ODBC\110\Tools\Binn\;C:\Program Files (x86)\Microsoft SQL Server\120\Tools\Binn\;C:\Program Files\Microsoft SQL Server\120\Tools\Binn\;C:\Program Files (x86)\Microsoft SQL Server\120\Tools\Binn\ManagementStudio\;C:\Program Files (x86)\Microsoft SQL Server\120\DTS\Binn\;C:\Program Files (x86)\Windows Live\Shared;C:\Program Files (x86)\Skype\Phone\;
USERNAME=The Boss
OS=Windows_NT
PROCESSOR_IDENTIFIER=Intel64 Family 6 Model 58 Stepping 9, GenuineIntel



---------------  S Y S T E M  ---------------

OS: Windows 8.1 , 64 bit Build 9600 (6.3.9600.17056)

CPU:total 4 (2 cores per cpu, 2 threads per core) family 6 model 58 stepping 9, cmov, cx8, fxsr, mmx, sse, sse2, sse3, ssse3, sse4.1, sse4.2, popcnt, avx, clmul, erms, ht, tsc, tscinvbit, tscinv

Memory: 4k page, physical 4072728k(171476k free), swap 6169880k(258048k free)

vm_info: Java HotSpot(TM) 64-Bit Server VM (25.45-b02) for windows-amd64 JRE (1.8.0_45-b15), built on Apr 30 2015 12:40:44 by "java_re" with MS VC++ 10.0 (VS2010)

time: Fri Apr 15 09:34:48 2016
elapsed time: 43 seconds (0d 0h 0m 43s)

