#
# There is insufficient memory for the Java Runtime Environment to continue.
# Native memory allocation (malloc) failed to allocate 32744 bytes for ChunkPool::allocate
# Possible reasons:
#   The system is out of physical RAM or swap space
#   In 32 bit mode, the process size limit was hit
# Possible solutions:
#   Reduce memory load on the system
#   Increase physical memory or swap space
#   Check if swap backing store is full
#   Use 64 bit Java on a 64 bit OS
#   Decrease Java heap size (-Xmx/-Xms)
#   Decrease number of Java threads
#   Decrease Java thread stack sizes (-Xss)
#   Set larger code cache with -XX:ReservedCodeCacheSize=
# This output file may be truncated or incomplete.
#
#  Out of Memory Error (allocation.cpp:273), pid=6712, tid=6952
#
# JRE version: Java(TM) SE Runtime Environment (8.0_45-b15) (build 1.8.0_45-b15)
# Java VM: Java HotSpot(TM) 64-Bit Server VM (25.45-b02 mixed mode windows-amd64 compressed oops)
# Failed to write core dump. Minidumps are not enabled by default on client versions of Windows
#

---------------  T H R E A D  ---------------

Current thread (0x000000001536f000):  JavaThread "C2 CompilerThread1" daemon [_thread_in_native, id=6952, stack(0x0000000016970000,0x0000000016a70000)]

Stack: [0x0000000016970000,0x0000000016a70000]
Native frames: (J=compiled Java code, j=interpreted, Vv=VM code, C=native code)
V  [jvm.dll+0x32b57a]
V  [jvm.dll+0x279873]
V  [jvm.dll+0x27a509]
V  [jvm.dll+0x271825]
V  [jvm.dll+0xcb804]
V  [jvm.dll+0xcba27]
V  [jvm.dll+0xcbeac]
V  [jvm.dll+0x5011a5]
V  [jvm.dll+0x5016ff]
V  [jvm.dll+0x46c74d]
V  [jvm.dll+0x4500f2]
V  [jvm.dll+0xa4352]
V  [jvm.dll+0xa4c8f]
V  [jvm.dll+0x241984]
V  [jvm.dll+0x29853a]
C  [msvcr100.dll+0x21d9f]
C  [msvcr100.dll+0x21e3b]
C  [KERNEL32.DLL+0x16ad]
C  [ntdll.dll+0x154e4]


Current CompileTask:
C2:   2104  282       4       java.lang.String::equals (81 bytes)


---------------  P R O C E S S  ---------------

Java Threads: ( => current thread )
  0x0000000016d43800 JavaThread "pool-2-thread-4" [_thread_in_vm, id=7032, stack(0x0000000017570000,0x0000000017670000)]
  0x0000000016d43000 JavaThread "pool-2-thread-3" [_thread_blocked, id=7028, stack(0x0000000017470000,0x0000000017570000)]
  0x0000000016d42000 JavaThread "pool-2-thread-2" [_thread_blocked, id=7024, stack(0x0000000017370000,0x0000000017470000)]
  0x0000000016d3b800 JavaThread "pool-3-thread-1" [_thread_blocked, id=7020, stack(0x0000000017270000,0x0000000017370000)]
  0x0000000016d3a800 JavaThread "pool-2-thread-1" [_thread_blocked, id=7016, stack(0x0000000017170000,0x0000000017270000)]
  0x0000000016b8f000 JavaThread "Service Thread" daemon [_thread_blocked, id=6980, stack(0x0000000016f70000,0x0000000017070000)]
  0x0000000015375000 JavaThread "C1 CompilerThread2" daemon [_thread_blocked, id=6956, stack(0x0000000016a70000,0x0000000016b70000)]
=>0x000000001536f000 JavaThread "C2 CompilerThread1" daemon [_thread_in_native, id=6952, stack(0x0000000016970000,0x0000000016a70000)]
  0x000000001531d000 JavaThread "C2 CompilerThread0" daemon [_thread_in_native, id=6948, stack(0x0000000016870000,0x0000000016970000)]
  0x000000001531b800 JavaThread "Attach Listener" daemon [_thread_blocked, id=6940, stack(0x0000000016770000,0x0000000016870000)]
  0x000000001531a800 JavaThread "Signal Dispatcher" daemon [_thread_blocked, id=6932, stack(0x0000000016670000,0x0000000016770000)]
  0x0000000002c47000 JavaThread "Finalizer" daemon [_thread_blocked, id=6896, stack(0x0000000016570000,0x0000000016670000)]
  0x0000000002c3d000 JavaThread "Reference Handler" daemon [_thread_blocked, id=6892, stack(0x0000000016470000,0x0000000016570000)]
  0x0000000002a4e000 JavaThread "main" [_thread_blocked, id=6820, stack(0x0000000002a50000,0x0000000002b50000)]

Other Threads:
  0x00000000152e7800 VMThread [stack: 0x0000000016370000,0x0000000016470000] [id=6880]
  0x0000000016b90000 WatcherThread [stack: 0x0000000017070000,0x0000000017170000] [id=6984]

VM state:not at safepoint (normal execution)

VM Mutex/Monitor currently owned by a thread: None

Heap:
 PSYoungGen      total 18944K, used 7321K [0x00000000eab00000, 0x00000000ec000000, 0x0000000100000000)
  eden space 16384K, 44% used [0x00000000eab00000,0x00000000eb226640,0x00000000ebb00000)
  from space 2560K, 0% used [0x00000000ebd80000,0x00000000ebd80000,0x00000000ec000000)
  to   space 2560K, 0% used [0x00000000ebb00000,0x00000000ebb00000,0x00000000ebd80000)
 ParOldGen       total 44032K, used 0K [0x00000000c0000000, 0x00000000c2b00000, 0x00000000eab00000)
  object space 44032K, 0% used [0x00000000c0000000,0x00000000c0000000,0x00000000c2b00000)
 Metaspace       used 4183K, capacity 5392K, committed 5760K, reserved 1056768K
  class space    used 465K, capacity 520K, committed 640K, reserved 1048576K

Card table byte_map: [0x0000000012010000,0x0000000012220000] byte_map_base: 0x0000000011a10000

Marking Bits: (ParMarkBitMap*) 0x000000006f634040
 Begin Bits: [0x0000000012780000, 0x0000000013780000)
 End Bits:   [0x0000000013780000, 0x0000000014780000)

Polling page: 0x0000000001130000

CodeCache: size=245760Kb used=1711Kb max_used=1711Kb free=244048Kb
 bounds [0x0000000002c50000, 0x0000000002ec0000, 0x0000000011c50000]
 total_blobs=540 nmethods=280 adapters=173
 compilation: enabled

Compilation events (10 events):
Event: 1.563 Thread 0x0000000015375000 nmethod 271 0x0000000002deb350 code [0x0000000002deb940, 0x0000000002def7a8]
Event: 1.563 Thread 0x0000000015375000  275       3       com.android.dx.util.MutabilityControl::<init> (10 bytes)
Event: 1.564 Thread 0x0000000015375000 nmethod 275 0x0000000002df2690 code [0x0000000002df27e0, 0x0000000002df2990]
Event: 1.564 Thread 0x0000000015375000  277   !   3       com.android.dx.util.FixedSizeList::<init> (36 bytes)
Event: 1.564 Thread 0x000000001531d000  279       4       com.android.dx.rop.cst.CstString::utf8BytesToString (391 bytes)
Event: 1.565 Thread 0x0000000015375000 nmethod 277 0x0000000002df2a50 code [0x0000000002df2be0, 0x0000000002df2fc8]
Event: 1.565 Thread 0x0000000015375000  272       3       com.android.dx.cf.direct.StdAttributeFactory::parse0 (532 bytes)
Event: 1.570 Thread 0x000000001536f000  280       4       com.android.dx.util.ByteArray::getUnsignedByte0 (16 bytes)
Event: 1.572 Thread 0x000000001536f000 nmethod 280 0x0000000002df5dd0 code [0x0000000002df5f00, 0x0000000002df5f98]
Event: 1.578 Thread 0x000000001536f000  282       4       java.lang.String::equals (81 bytes)

GC Heap History (0 events):
No events

Deoptimization events (0 events):
No events

Internal exceptions (2 events):
Event: 0.208 Thread 0x0000000002a4e000 Exception <a 'java/lang/NoSuchMethodError': Method sun.misc.Unsafe.defineClass(Ljava/lang/String;[BII)Ljava/lang/Class; name or signature does not match> (0x00000000eab0d168) thrown at [C:\re\workspace\8-2-build-windows-amd64-cygwin\jdk8u45\3627\hotspot\sr±.+º:ºÊ?
Event: 0.209 Thread 0x0000000002a4e000 Exception <a 'java/lang/NoSuchMethodError': Method sun.misc.Unsafe.prefetchRead(Ljava/lang/Object;J)V name or signature does not match> (0x00000000eab0d3f8) thrown at [C:\re\workspace\8-2-build-windows-amd64-cygwin\jdk8u45\3627\hotspot\src\share\vm\prims\j

Events (10 events):
Event: 1.534 loading class com/android/dx/cf/code/BasicBlocker
Event: 1.534 loading class com/android/dx/cf/code/BasicBlocker done
Event: 1.538 loading class com/android/dx/util/Bits
Event: 1.538 loading class com/android/dx/util/Bits done
Event: 1.539 loading class com/android/dx/util/IntList
Event: 1.539 loading class com/android/dx/util/IntList done
Event: 1.545 loading class com/android/dx/cf/code/ByteOps
Event: 1.545 loading class com/android/dx/cf/code/ByteOps done
Event: 1.577 loading class com/android/dx/cf/code/ByteBlock
Event: 1.577 loading class com/android/dx/cf/code/ByteBlock done


Dynamic libraries:
0x00007ff69ba40000 - 0x00007ff69ba77000 	C:\Program Files\Java\jdk1.8.0_45\bin\java.exe
0x00007ffbd3930000 - 0x00007ffbd3add000 	C:\Windows\SYSTEM32\ntdll.dll
0x00007ffbd3520000 - 0x00007ffbd365a000 	C:\Windows\system32\KERNEL32.DLL
0x00007ffbd0d80000 - 0x00007ffbd0e95000 	C:\Windows\system32\KERNELBASE.dll
0x00007ffbcf6c0000 - 0x00007ffbcf74e000 	C:\Windows\system32\apphelp.dll
0x00007ffbc6f10000 - 0x00007ffbc6f63000 	C:\Windows\AppPatch\AppPatch64\AcGenral.DLL
0x00007ffbd0ff0000 - 0x00007ffbd1097000 	C:\Windows\system32\msvcrt.dll
0x00007ffbd0900000 - 0x00007ffbd092b000 	C:\Windows\SYSTEM32\SspiCli.dll
0x00007ffbd2ff0000 - 0x00007ffbd3041000 	C:\Windows\system32\SHLWAPI.dll
0x00007ffbd3660000 - 0x00007ffbd37d7000 	C:\Windows\system32\USER32.dll
0x00007ffbd3380000 - 0x00007ffbd3514000 	C:\Windows\system32\ole32.dll
0x00007ffbd1100000 - 0x00007ffbd262a000 	C:\Windows\system32\SHELL32.dll
0x00007ffbd00b0000 - 0x00007ffbd00ce000 	C:\Windows\SYSTEM32\USERENV.dll
0x00007ffbd2de0000 - 0x00007ffbd2e8a000 	C:\Windows\system32\ADVAPI32.dll
0x00007ffbc4db0000 - 0x00007ffbc4dcb000 	C:\Windows\SYSTEM32\MPR.dll
0x00007ffbd37e0000 - 0x00007ffbd3921000 	C:\Windows\system32\RPCRT4.dll
0x00007ffbd26f0000 - 0x00007ffbd2749000 	C:\Windows\SYSTEM32\sechost.dll
0x00007ffbd29d0000 - 0x00007ffbd2be1000 	C:\Windows\SYSTEM32\combase.dll
0x00007ffbd2c30000 - 0x00007ffbd2d80000 	C:\Windows\system32\GDI32.dll
0x00007ffbd0ad0000 - 0x00007ffbd0ae4000 	C:\Windows\SYSTEM32\profapi.dll
0x00007ffbceed0000 - 0x00007ffbcef82000 	C:\Windows\SYSTEM32\SHCORE.dll
0x00007ffbd2bf0000 - 0x00007ffbd2c24000 	C:\Windows\system32\IMM32.DLL
0x00007ffbd2e90000 - 0x00007ffbd2fe2000 	C:\Windows\system32\MSCTF.dll
0x00007ffbce800000 - 0x00007ffbcea7b000 	C:\Windows\WinSxS\amd64_microsoft.windows.common-controls_6595b64144ccf1df_6.0.9600.18006_none_623f33d3ecbe86e8\COMCTL32.dll
0x000000006e670000 - 0x000000006e742000 	C:\Program Files\Java\jdk1.8.0_45\jre\bin\msvcr100.dll
0x000000006ee30000 - 0x000000006f6b3000 	C:\Program Files\Java\jdk1.8.0_45\jre\bin\server\jvm.dll
0x00007ffbbcef0000 - 0x00007ffbbcef9000 	C:\Windows\SYSTEM32\WSOCK32.dll
0x00007ffbc4760000 - 0x00007ffbc477f000 	C:\Windows\SYSTEM32\WINMM.dll
0x00007ffbc9450000 - 0x00007ffbc945a000 	C:\Windows\SYSTEM32\VERSION.dll
0x00007ffbd2630000 - 0x00007ffbd2637000 	C:\Windows\system32\PSAPI.DLL
0x00007ffbd3160000 - 0x00007ffbd31b8000 	C:\Windows\system32\WS2_32.dll
0x00007ffbc4730000 - 0x00007ffbc475a000 	C:\Windows\SYSTEM32\WINMMBASE.dll
0x00007ffbd3150000 - 0x00007ffbd3159000 	C:\Windows\system32\NSI.dll
0x00007ffbd0f50000 - 0x00007ffbd0f9a000 	C:\Windows\SYSTEM32\cfgmgr32.dll
0x00007ffbcf910000 - 0x00007ffbcf936000 	C:\Windows\SYSTEM32\DEVOBJ.dll
0x000000006fc00000 - 0x000000006fc0f000 	C:\Program Files\Java\jdk1.8.0_45\jre\bin\verify.dll
0x000000006ed20000 - 0x000000006ed49000 	C:\Program Files\Java\jdk1.8.0_45\jre\bin\java.dll
0x000000006fbe0000 - 0x000000006fbf6000 	C:\Program Files\Java\jdk1.8.0_45\jre\bin\zip.dll
0x00007ffbc92c0000 - 0x00007ffbc9449000 	C:\Windows\SYSTEM32\dbghelp.dll

VM Arguments:
jvm_args: -Djava.awt.headless=true -Xmx1024M -Dfile.encoding=windows-1252 -Duser.country=US -Duser.language=en -Duser.variant 
java_command: com.android.dx.command.Main --dex --force-jumbo --num-threads=4 --multi-dex --output E:\Android\AiLaTrieuPhu\app\build\intermediates\transforms\dex\debug\folders\1000\10\com.google.android.gms-play-services-base-8.4.0_8cc222d78ca6c7727bb7b5a3ac35d4c7ae5247dd E:\Android\AiLaTrieuPhu\app\build\intermediates\exploded-aar\com.google.android.gms\play-services-base\8.4.0\jars\classes.jar
java_class_path (initial): E:\Platform Android\build-tools\23.0.2\lib\dx.jar
Launcher Type: SUN_STANDARD

Environment Variables:
JAVA_HOME=C:\Program Files\Java\jdk1.8.0_45
PATH=C:\ProgramData\Oracle\Java\javapath;C:\Windows\system32;C:\Windows;C:\Windows\System32\Wbem;C:\Windows\System32\WindowsPowerShell\v1.0\;C:\Program Files (x86)\Windows Kits\8.1\Windows Performance Toolkit\;C:\Program Files\Microsoft SQL Server\110\Tools\Binn\;C:\Program Files\Microsoft SQL Server\120\DTS\Binn\;C:\Program Files\Microsoft SQL Server\Client SDK\ODBC\110\Tools\Binn\;C:\Program Files (x86)\Microsoft SQL Server\120\Tools\Binn\;C:\Program Files\Microsoft SQL Server\120\Tools\Binn\;C:\Program Files (x86)\Microsoft SQL Server\120\Tools\Binn\ManagementStudio\;C:\Program Files (x86)\Microsoft SQL Server\120\DTS\Binn\;C:\Program Files (x86)\Windows Live\Shared;C:\Program Files (x86)\Skype\Phone\;
USERNAME=The Boss
OS=Windows_NT
PROCESSOR_IDENTIFIER=Intel64 Family 6 Model 58 Stepping 9, GenuineIntel



---------------  S Y S T E M  ---------------

OS: Windows 8.1 , 64 bit Build 9600 (6.3.9600.17056)

CPU:total 4 (2 cores per cpu, 2 threads per core) family 6 model 58 stepping 9, cmov, cx8, fxsr, mmx, sse, sse2, sse3, ssse3, sse4.1, sse4.2, popcnt, avx, clmul, erms, ht, tsc, tscinvbit, tscinv

Memory: 4k page, physical 4072728k(176884k free), swap 6169880k(5080k free)

vm_info: Java HotSpot(TM) 64-Bit Server VM (25.45-b02) for windows-amd64 JRE (1.8.0_45-b15), built on Apr 30 2015 12:40:44 by "java_re" with MS VC++ 10.0 (VS2010)

time: Fri Apr 15 09:35:03 2016
elapsed time: 2 seconds (0d 0h 0m 2s)

