#
# There is insufficient memory for the Java Runtime Environment to continue.
# Native memory allocation (malloc) failed to allocate 925536 bytes for Chunk::new
# Possible reasons:
#   The system is out of physical RAM or swap space
#   In 32 bit mode, the process size limit was hit
# Possible solutions:
#   Reduce memory load on the system
#   Increase physical memory or swap space
#   Check if swap backing store is full
#   Use 64 bit Java on a 64 bit OS
#   Decrease Java heap size (-Xmx/-Xms)
#   Decrease number of Java threads
#   Decrease Java thread stack sizes (-Xss)
#   Set larger code cache with -XX:ReservedCodeCacheSize=
# This output file may be truncated or incomplete.
#
#  Out of Memory Error (allocation.cpp:390), pid=5260, tid=6064
#
# JRE version: Java(TM) SE Runtime Environment (8.0_45-b15) (build 1.8.0_45-b15)
# Java VM: Java HotSpot(TM) 64-Bit Server VM (25.45-b02 mixed mode windows-amd64 compressed oops)
# Failed to write core dump. Minidumps are not enabled by default on client versions of Windows
#

---------------  T H R E A D  ---------------

Current thread (0x000000001523d000):  JavaThread "C2 CompilerThread0" daemon [_thread_in_native, id=6064, stack(0x0000000016790000,0x0000000016890000)]

Stack: [0x0000000016790000,0x0000000016890000]
Native frames: (J=compiled Java code, j=interpreted, Vv=VM code, C=native code)
V  [jvm.dll+0x32b57a]
V  [jvm.dll+0x279873]
V  [jvm.dll+0x27a509]
V  [jvm.dll+0x271825]
V  [jvm.dll+0xcb9e2]
V  [jvm.dll+0xcbeac]
V  [jvm.dll+0x476ef2]
V  [jvm.dll+0x4b955f]
V  [jvm.dll+0x46bf81]
V  [jvm.dll+0x46ccbe]
V  [jvm.dll+0x4500f2]
V  [jvm.dll+0xa4352]
V  [jvm.dll+0xa4c8f]
V  [jvm.dll+0x241984]
V  [jvm.dll+0x29853a]
C  [msvcr100.dll+0x21d9f]
C  [msvcr100.dll+0x21e3b]
C  [KERNEL32.DLL+0x16ad]
C  [ntdll.dll+0x154e4]


Current CompileTask:
C2:   3220 1222       4       com.android.dx.ssa.SCCP::simulateStmt (481 bytes)


---------------  P R O C E S S  ---------------

Java Threads: ( => current thread )
  0x0000000016c02800 JavaThread "pool-1-thread-1" [_thread_in_Java, id=1040, stack(0x0000000017090000,0x0000000017190000)]
  0x0000000016ac0800 JavaThread "Service Thread" daemon [_thread_blocked, id=4680, stack(0x0000000016e90000,0x0000000016f90000)]
  0x0000000015248000 JavaThread "C1 CompilerThread2" daemon [_thread_blocked, id=5196, stack(0x0000000016990000,0x0000000016a90000)]
  0x0000000015241000 JavaThread "C2 CompilerThread1" daemon [_thread_in_native, id=5684, stack(0x0000000016890000,0x0000000016990000)]
=>0x000000001523d000 JavaThread "C2 CompilerThread0" daemon [_thread_in_native, id=6064, stack(0x0000000016790000,0x0000000016890000)]
  0x000000001523b800 JavaThread "Attach Listener" daemon [_thread_blocked, id=5596, stack(0x0000000016690000,0x0000000016790000)]
  0x000000001523a800 JavaThread "Signal Dispatcher" daemon [_thread_blocked, id=6228, stack(0x0000000016590000,0x0000000016690000)]
  0x0000000002b67000 JavaThread "Finalizer" daemon [_thread_blocked, id=2368, stack(0x0000000016490000,0x0000000016590000)]
  0x0000000002b5e000 JavaThread "Reference Handler" daemon [_thread_blocked, id=4348, stack(0x0000000016390000,0x0000000016490000)]
  0x000000000105e000 JavaThread "main" [_thread_blocked, id=5884, stack(0x0000000002960000,0x0000000002a60000)]

Other Threads:
  0x0000000015207800 VMThread [stack: 0x0000000016290000,0x0000000016390000] [id=2144]
  0x0000000016ac1000 WatcherThread [stack: 0x0000000016f90000,0x0000000017090000] [id=3624]

VM state:not at safepoint (normal execution)

VM Mutex/Monitor currently owned by a thread: None

Heap:
 PSYoungGen      total 18944K, used 11858K [0x00000000eab00000, 0x00000000ec000000, 0x0000000100000000)
  eden space 16384K, 56% used [0x00000000eab00000,0x00000000eb415f38,0x00000000ebb00000)
  from space 2560K, 99% used [0x00000000ebb00000,0x00000000ebd7ea98,0x00000000ebd80000)
  to   space 2560K, 0% used [0x00000000ebd80000,0x00000000ebd80000,0x00000000ec000000)
 ParOldGen       total 44032K, used 1533K [0x00000000c0000000, 0x00000000c2b00000, 0x00000000eab00000)
  object space 44032K, 3% used [0x00000000c0000000,0x00000000c017f5e0,0x00000000c2b00000)
 Metaspace       used 6144K, capacity 7088K, committed 7296K, reserved 1056768K
  class space    used 608K, capacity 616K, committed 640K, reserved 1048576K

Card table byte_map: [0x0000000011f30000,0x0000000012140000] byte_map_base: 0x0000000011930000

Marking Bits: (ParMarkBitMap*) 0x000000006f634040
 Begin Bits: [0x00000000126a0000, 0x00000000136a0000)
 End Bits:   [0x00000000136a0000, 0x00000000146a0000)

Polling page: 0x0000000001030000

CodeCache: size=245760Kb used=5040Kb max_used=5040Kb free=240719Kb
 bounds [0x0000000002b70000, 0x0000000003060000, 0x0000000011b70000]
 total_blobs=1607 nmethods=1336 adapters=183
 compilation: disabled (not enough contiguous free space left)

Compilation events (10 events):
Event: 3.100 Thread 0x0000000015248000 nmethod 1337 0x0000000003052950 code [0x0000000003052b00, 0x0000000003052fb8]
Event: 3.102 Thread 0x0000000015248000 1338       3       com.android.dx.dex.file.TypeIdsSection::get (71 bytes)
Event: 3.106 Thread 0x0000000015248000 nmethod 1338 0x0000000003053290 code [0x0000000003053500, 0x0000000003054638]
Event: 3.106 Thread 0x0000000015248000 1340       3       com.android.dx.dex.code.CstInsn::setClassIndex (37 bytes)
Event: 3.106 Thread 0x0000000015248000 nmethod 1340 0x0000000003054dd0 code [0x0000000003054f60, 0x0000000003055298]
Event: 3.107 Thread 0x0000000015248000 1339       3       com.android.dx.dex.code.CstInsn::setIndex (37 bytes)
Event: 3.107 Thread 0x0000000015248000 nmethod 1339 0x00000000030553d0 code [0x0000000003055560, 0x0000000003055898]
Event: 3.109 Thread 0x0000000015248000 1341       1       com.android.dx.dex.code.form.Form22c::codeSize (2 bytes)
Event: 3.109 Thread 0x0000000015248000 nmethod 1341 0x00000000030559d0 code [0x0000000003055b20, 0x0000000003055c30]
Event: 3.116 Thread 0x0000000015248000 1343       3       com.android.dx.dex.file.MethodIdsSection::get (49 bytes)

GC Heap History (2 events):
Event: 2.189 GC heap before
{Heap before GC invocations=1 (full 0):
 PSYoungGen      total 18944K, used 16384K [0x00000000eab00000, 0x00000000ec000000, 0x0000000100000000)
  eden space 16384K, 100% used [0x00000000eab00000,0x00000000ebb00000,0x00000000ebb00000)
  from space 2560K, 0% used [0x00000000ebd80000,0x00000000ebd80000,0x00000000ec000000)
  to   space 2560K, 0% used [0x00000000ebb00000,0x00000000ebb00000,0x00000000ebd80000)
 ParOldGen       total 44032K, used 0K [0x00000000c0000000, 0x00000000c2b00000, 0x00000000eab00000)
  object space 44032K, 0% used [0x00000000c0000000,0x00000000c0000000,0x00000000c2b00000)
 Metaspace       used 5775K, capacity 6768K, committed 7040K, reserved 1056768K
  class space    used 588K, capacity 616K, committed 640K, reserved 1048576K
Event: 2.206 GC heap after
Heap after GC invocations=1 (full 0):
 PSYoungGen      total 18944K, used 2554K [0x00000000eab00000, 0x00000000ec000000, 0x0000000100000000)
  eden space 16384K, 0% used [0x00000000eab00000,0x00000000eab00000,0x00000000ebb00000)
  from space 2560K, 99% used [0x00000000ebb00000,0x00000000ebd7ea98,0x00000000ebd80000)
  to   space 2560K, 0% used [0x00000000ebd80000,0x00000000ebd80000,0x00000000ec000000)
 ParOldGen       total 44032K, used 1533K [0x00000000c0000000, 0x00000000c2b00000, 0x00000000eab00000)
  object space 44032K, 3% used [0x00000000c0000000,0x00000000c017f5e0,0x00000000c2b00000)
 Metaspace       used 5775K, capacity 6768K, committed 7040K, reserved 1056768K
  class space    used 588K, capacity 616K, committed 640K, reserved 1048576K
}

Deoptimization events (10 events):
Event: 2.849 Thread 0x0000000016c02800 Uncommon trap: reason=bimorphic action=maybe_recompile pc=0x0000000002da86dc method=java.util.HashMap.getNode(ILjava/lang/Object;)Ljava/util/HashMap$Node; @ 126
Event: 2.849 Thread 0x0000000016c02800 Uncommon trap: reason=bimorphic action=maybe_recompile pc=0x0000000002ed59f4 method=java.util.HashMap.getNode(ILjava/lang/Object;)Ljava/util/HashMap$Node; @ 126
Event: 2.862 Thread 0x0000000016c02800 Uncommon trap: reason=class_check action=maybe_recompile pc=0x0000000002fd5e4c method=java.util.HashMap.putVal(ILjava/lang/Object;Ljava/lang/Object;ZZ)Ljava/lang/Object; @ 203
Event: 2.862 Thread 0x0000000016c02800 Uncommon trap: reason=class_check action=maybe_recompile pc=0x0000000002fd5e4c method=java.util.HashMap.putVal(ILjava/lang/Object;Ljava/lang/Object;ZZ)Ljava/lang/Object; @ 203
Event: 2.862 Thread 0x0000000016c02800 Uncommon trap: reason=class_check action=maybe_recompile pc=0x0000000002fd5e4c method=java.util.HashMap.putVal(ILjava/lang/Object;Ljava/lang/Object;ZZ)Ljava/lang/Object; @ 203
Event: 3.024 Thread 0x0000000016c02800 Uncommon trap: reason=speculate_class_check action=maybe_recompile pc=0x0000000002ef75a8 method=com.android.dx.util.FixedSizeList.equals(Ljava/lang/Object;)Z @ 25
Event: 3.024 Thread 0x0000000016c02800 Uncommon trap: reason=unstable_if action=reinterpret pc=0x0000000002ef4338 method=java.util.Arrays.equals([Ljava/lang/Object;[Ljava/lang/Object;)Z @ 23
Event: 3.026 Thread 0x0000000016c02800 Uncommon trap: reason=speculate_class_check action=maybe_recompile pc=0x0000000002ef75a8 method=com.android.dx.util.FixedSizeList.equals(Ljava/lang/Object;)Z @ 25
Event: 3.026 Thread 0x0000000016c02800 Uncommon trap: reason=speculate_class_check action=maybe_recompile pc=0x0000000002ef75a8 method=com.android.dx.util.FixedSizeList.equals(Ljava/lang/Object;)Z @ 25
Event: 3.058 Thread 0x0000000016c02800 Uncommon trap: reason=speculate_class_check action=maybe_recompile pc=0x0000000002ef75a8 method=com.android.dx.util.FixedSizeList.equals(Ljava/lang/Object;)Z @ 25

Internal exceptions (3 events):
Event: 0.140 Thread 0x000000000105e000 Exception <a 'java/lang/NoSuchMethodError': Method sun.misc.Unsafe.defineClass(Ljava/lang/String;[BII)Ljava/lang/Class; name or signature does not match> (0x00000000eab0d518) thrown at [C:\re\workspace\8-2-build-windows-amd64-cygwin\jdk8u45\3627\hotspot\sröÚžWõêÁ?
Event: 0.140 Thread 0x000000000105e000 Exception <a 'java/lang/NoSuchMethodError': Method sun.misc.Unsafe.prefetchRead(Ljava/lang/Object;J)V name or signature does not match> (0x00000000eab0d7a8) thrown at [C:\re\workspace\8-2-build-windows-amd64-cygwin\jdk8u45\3627\hotspot\src\share\vm\prims\j;ªÃÀàý@
Event: 2.249 Thread 0x000000000105e000 Implicit null exception at 0x0000000002e9951d to 0x0000000002e9c1d9

Events (10 events):
Event: 3.026 Thread 0x0000000016c02800 DEOPT PACKING pc=0x0000000002ef75a8 sp=0x000000001718e560
Event: 3.026 Thread 0x0000000016c02800 DEOPT UNPACKING pc=0x0000000002bb582a sp=0x000000001718e520 mode 2
Event: 3.026 Thread 0x0000000016c02800 Uncommon trap: trap_request=0xffffff76 fr.pc=0x0000000002ef75a8
Event: 3.026 Thread 0x0000000016c02800 DEOPT PACKING pc=0x0000000002ef75a8 sp=0x000000001718e560
Event: 3.026 Thread 0x0000000016c02800 DEOPT UNPACKING pc=0x0000000002bb582a sp=0x000000001718e520 mode 2
Event: 3.026 loading class com/android/dx/util/ByteArrayAnnotatedOutput
Event: 3.026 loading class com/android/dx/util/ByteArrayAnnotatedOutput done
Event: 3.058 Thread 0x0000000016c02800 Uncommon trap: trap_request=0xffffff76 fr.pc=0x0000000002ef75a8
Event: 3.058 Thread 0x0000000016c02800 DEOPT PACKING pc=0x0000000002ef75a8 sp=0x000000001718e560
Event: 3.058 Thread 0x0000000016c02800 DEOPT UNPACKING pc=0x0000000002bb582a sp=0x000000001718e520 mode 2


Dynamic libraries:
0x00007ff69ba40000 - 0x00007ff69ba77000 	C:\Program Files\Java\jdk1.8.0_45\bin\java.exe
0x00007ffbd3930000 - 0x00007ffbd3add000 	C:\Windows\SYSTEM32\ntdll.dll
0x00007ffbd3520000 - 0x00007ffbd365a000 	C:\Windows\system32\KERNEL32.DLL
0x00007ffbd0d80000 - 0x00007ffbd0e95000 	C:\Windows\system32\KERNELBASE.dll
0x00007ffbcf6c0000 - 0x00007ffbcf74e000 	C:\Windows\system32\apphelp.dll
0x00007ffbc6f10000 - 0x00007ffbc6f63000 	C:\Windows\AppPatch\AppPatch64\AcGenral.DLL
0x00007ffbd0ff0000 - 0x00007ffbd1097000 	C:\Windows\system32\msvcrt.dll
0x00007ffbd0900000 - 0x00007ffbd092b000 	C:\Windows\SYSTEM32\SspiCli.dll
0x00007ffbd2ff0000 - 0x00007ffbd3041000 	C:\Windows\system32\SHLWAPI.dll
0x00007ffbd3660000 - 0x00007ffbd37d7000 	C:\Windows\system32\USER32.dll
0x00007ffbd3380000 - 0x00007ffbd3514000 	C:\Windows\system32\ole32.dll
0x00007ffbd1100000 - 0x00007ffbd262a000 	C:\Windows\system32\SHELL32.dll
0x00007ffbd00b0000 - 0x00007ffbd00ce000 	C:\Windows\SYSTEM32\USERENV.dll
0x00007ffbd2de0000 - 0x00007ffbd2e8a000 	C:\Windows\system32\ADVAPI32.dll
0x00007ffbc4db0000 - 0x00007ffbc4dcb000 	C:\Windows\SYSTEM32\MPR.dll
0x00007ffbd37e0000 - 0x00007ffbd3921000 	C:\Windows\system32\RPCRT4.dll
0x00007ffbd26f0000 - 0x00007ffbd2749000 	C:\Windows\SYSTEM32\sechost.dll
0x00007ffbd29d0000 - 0x00007ffbd2be1000 	C:\Windows\SYSTEM32\combase.dll
0x00007ffbd2c30000 - 0x00007ffbd2d80000 	C:\Windows\system32\GDI32.dll
0x00007ffbd0ad0000 - 0x00007ffbd0ae4000 	C:\Windows\SYSTEM32\profapi.dll
0x00007ffbceed0000 - 0x00007ffbcef82000 	C:\Windows\SYSTEM32\SHCORE.dll
0x00007ffbd2bf0000 - 0x00007ffbd2c24000 	C:\Windows\system32\IMM32.DLL
0x00007ffbd2e90000 - 0x00007ffbd2fe2000 	C:\Windows\system32\MSCTF.dll
0x00007ffbce800000 - 0x00007ffbcea7b000 	C:\Windows\WinSxS\amd64_microsoft.windows.common-controls_6595b64144ccf1df_6.0.9600.18006_none_623f33d3ecbe86e8\COMCTL32.dll
0x000000006e670000 - 0x000000006e742000 	C:\Program Files\Java\jdk1.8.0_45\jre\bin\msvcr100.dll
0x000000006ee30000 - 0x000000006f6b3000 	C:\Program Files\Java\jdk1.8.0_45\jre\bin\server\jvm.dll
0x00007ffbbcef0000 - 0x00007ffbbcef9000 	C:\Windows\SYSTEM32\WSOCK32.dll
0x00007ffbc4760000 - 0x00007ffbc477f000 	C:\Windows\SYSTEM32\WINMM.dll
0x00007ffbc9450000 - 0x00007ffbc945a000 	C:\Windows\SYSTEM32\VERSION.dll
0x00007ffbd2630000 - 0x00007ffbd2637000 	C:\Windows\system32\PSAPI.DLL
0x00007ffbd3160000 - 0x00007ffbd31b8000 	C:\Windows\system32\WS2_32.dll
0x00007ffbc4730000 - 0x00007ffbc475a000 	C:\Windows\SYSTEM32\WINMMBASE.dll
0x00007ffbd3150000 - 0x00007ffbd3159000 	C:\Windows\system32\NSI.dll
0x00007ffbd0f50000 - 0x00007ffbd0f9a000 	C:\Windows\SYSTEM32\cfgmgr32.dll
0x00007ffbcf910000 - 0x00007ffbcf936000 	C:\Windows\SYSTEM32\DEVOBJ.dll
0x000000006fc00000 - 0x000000006fc0f000 	C:\Program Files\Java\jdk1.8.0_45\jre\bin\verify.dll
0x000000006ed20000 - 0x000000006ed49000 	C:\Program Files\Java\jdk1.8.0_45\jre\bin\java.dll
0x000000006fbe0000 - 0x000000006fbf6000 	C:\Program Files\Java\jdk1.8.0_45\jre\bin\zip.dll
0x00007ffbc92c0000 - 0x00007ffbc9449000 	C:\Windows\SYSTEM32\dbghelp.dll

VM Arguments:
jvm_args: -Djava.awt.headless=true -Xmx1024M -Dfile.encoding=windows-1252 -Duser.country=US -Duser.language=en -Duser.variant 
java_command: com.android.dx.command.Main --dex --force-jumbo --num-threads=4 --multi-dex --output E:\Android\AiLaTrieuPhu\app\build\intermediates\transforms\dex\debug\folders\1000\10\bolts-tasks-1.4.0_838c8ed4deb78322b99e74adf20eed50ab6b054a C:\Users\The Boss\.gradle\caches\modules-2\files-2.1\com.parse.bolts\bolts-tasks\1.4.0\d85884acf6810a3bbbecb587f239005cbc846dc4\bolts-tasks-1.4.0.jar
java_class_path (initial): E:\Platform Android\build-tools\23.0.2\lib\dx.jar
Launcher Type: SUN_STANDARD

Environment Variables:
JAVA_HOME=C:\Program Files\Java\jdk1.8.0_45
PATH=C:\ProgramData\Oracle\Java\javapath;C:\Windows\system32;C:\Windows;C:\Windows\System32\Wbem;C:\Windows\System32\WindowsPowerShell\v1.0\;C:\Program Files (x86)\Windows Kits\8.1\Windows Performance Toolkit\;C:\Program Files\Microsoft SQL Server\110\Tools\Binn\;C:\Program Files\Microsoft SQL Server\120\DTS\Binn\;C:\Program Files\Microsoft SQL Server\Client SDK\ODBC\110\Tools\Binn\;C:\Program Files (x86)\Microsoft SQL Server\120\Tools\Binn\;C:\Program Files\Microsoft SQL Server\120\Tools\Binn\;C:\Program Files (x86)\Microsoft SQL Server\120\Tools\Binn\ManagementStudio\;C:\Program Files (x86)\Microsoft SQL Server\120\DTS\Binn\;C:\Program Files (x86)\Windows Live\Shared;C:\Program Files (x86)\Skype\Phone\;
USERNAME=The Boss
OS=Windows_NT
PROCESSOR_IDENTIFIER=Intel64 Family 6 Model 58 Stepping 9, GenuineIntel



---------------  S Y S T E M  ---------------

OS: Windows 8.1 , 64 bit Build 9600 (6.3.9600.17056)

CPU:total 4 (2 cores per cpu, 2 threads per core) family 6 model 58 stepping 9, cmov, cx8, fxsr, mmx, sse, sse2, sse3, ssse3, sse4.1, sse4.2, popcnt, avx, clmul, erms, ht, tsc, tscinvbit, tscinv

Memory: 4k page, physical 4072728k(180664k free), swap 6169880k(112664k free)

vm_info: Java HotSpot(TM) 64-Bit Server VM (25.45-b02) for windows-amd64 JRE (1.8.0_45-b15), built on Apr 30 2015 12:40:44 by "java_re" with MS VC++ 10.0 (VS2010)

time: Fri Apr 15 09:35:14 2016
elapsed time: 3 seconds (0d 0h 0m 3s)

