#
# There is insufficient memory for the Java Runtime Environment to continue.
# Native memory allocation (malloc) failed to allocate 32744 bytes for ChunkPool::allocate
# Possible reasons:
#   The system is out of physical RAM or swap space
#   In 32 bit mode, the process size limit was hit
# Possible solutions:
#   Reduce memory load on the system
#   Increase physical memory or swap space
#   Check if swap backing store is full
#   Use 64 bit Java on a 64 bit OS
#   Decrease Java heap size (-Xmx/-Xms)
#   Decrease number of Java threads
#   Decrease Java thread stack sizes (-Xss)
#   Set larger code cache with -XX:ReservedCodeCacheSize=
# This output file may be truncated or incomplete.
#
#  Out of Memory Error (allocation.cpp:273), pid=5544, tid=7112
#
# JRE version: Java(TM) SE Runtime Environment (8.0_45-b15) (build 1.8.0_45-b15)
# Java VM: Java HotSpot(TM) 64-Bit Server VM (25.45-b02 mixed mode windows-amd64 compressed oops)
# Failed to write core dump. Minidumps are not enabled by default on client versions of Windows
#

---------------  T H R E A D  ---------------

Current thread (0x0000000014ce4000):  JavaThread "C2 CompilerThread1" daemon [_thread_in_native, id=7112, stack(0x0000000016350000,0x0000000016450000)]

Stack: [0x0000000016350000,0x0000000016450000]
Native frames: (J=compiled Java code, j=interpreted, Vv=VM code, C=native code)
V  [jvm.dll+0x32b57a]


Current CompileTask:
C2:   2200  532       4       java.util.ArrayList::add (29 bytes)


---------------  P R O C E S S  ---------------

Java Threads: ( => current thread )
  0x00000000167d6000 JavaThread "pool-2-thread-4" [_thread_blocked, id=4024, stack(0x0000000017150000,0x0000000017250000)]
  0x00000000166ee000 JavaThread "pool-2-thread-3" [_thread_blocked, id=5380, stack(0x0000000017050000,0x0000000017150000)]
  0x00000000166e9000 JavaThread "pool-2-thread-2" [_thread_in_vm, id=2376, stack(0x0000000016f50000,0x0000000017050000)]
  0x000000001669d800 JavaThread "pool-3-thread-1" [_thread_blocked, id=3720, stack(0x0000000016c50000,0x0000000016d50000)]
  0x00000000166c6000 JavaThread "pool-2-thread-1" [_thread_blocked, id=6084, stack(0x0000000016b50000,0x0000000016c50000)]
  0x0000000016587800 JavaThread "Service Thread" daemon [_thread_blocked, id=7108, stack(0x0000000016950000,0x0000000016a50000)]
  0x0000000014d19800 JavaThread "C1 CompilerThread2" daemon [_thread_in_native, id=7128, stack(0x0000000016450000,0x0000000016550000)]
=>0x0000000014ce4000 JavaThread "C2 CompilerThread1" daemon [_thread_in_native, id=7112, stack(0x0000000016350000,0x0000000016450000)]
  0x0000000014cdc800 JavaThread "C2 CompilerThread0" daemon [_thread_in_native, id=7120, stack(0x0000000016250000,0x0000000016350000)]
  0x0000000014cdb000 JavaThread "Attach Listener" daemon [_thread_blocked, id=5268, stack(0x0000000016150000,0x0000000016250000)]
  0x000000000253e800 JavaThread "Signal Dispatcher" daemon [_thread_blocked, id=5184, stack(0x0000000016050000,0x0000000016150000)]
  0x0000000002536000 JavaThread "Finalizer" daemon [_thread_blocked, id=5284, stack(0x0000000015f50000,0x0000000016050000)]
  0x000000000252d000 JavaThread "Reference Handler" daemon [_thread_blocked, id=2716, stack(0x0000000015e50000,0x0000000015f50000)]
  0x0000000000cdd800 JavaThread "main" [_thread_blocked, id=7072, stack(0x0000000000bd0000,0x0000000000cd0000)]

Other Threads:
  0x0000000014ca7800 VMThread [stack: 0x0000000015d50000,0x0000000015e50000] [id=6216]
  0x0000000016588000 WatcherThread [stack: 0x0000000016a50000,0x0000000016b50000] [id=7068]

VM state:synchronizing (normal execution)

VM Mutex/Monitor currently owned by a thread:  ([mutex/lock_event])
[0x0000000000cdcbf0] Threads_lock - owner thread: 0x0000000014ca7800

Heap:
 PSYoungGen      total 18944K, used 8777K [0x00000000eab00000, 0x00000000ec000000, 0x0000000100000000)
  eden space 16384K, 53% used [0x00000000eab00000,0x00000000eb392700,0x00000000ebb00000)
  from space 2560K, 0% used [0x00000000ebb00000,0x00000000ebb00000,0x00000000ebd80000)
  to   space 2560K, 0% used [0x00000000ebd80000,0x00000000ebd80000,0x00000000ec000000)
 ParOldGen       total 31232K, used 454K [0x00000000c0000000, 0x00000000c1e80000, 0x00000000eab00000)
  object space 31232K, 1% used [0x00000000c0000000,0x00000000c0071a58,0x00000000c1e80000)
 Metaspace       used 5376K, capacity 6512K, committed 6784K, reserved 1058816K
  class space    used 579K, capacity 616K, committed 640K, reserved 1048576K

Card table byte_map: [0x00000000119d0000,0x0000000011be0000] byte_map_base: 0x00000000113d0000

Marking Bits: (ParMarkBitMap*) 0x000000006f634040
 Begin Bits: [0x0000000012140000, 0x0000000013140000)
 End Bits:   [0x0000000013140000, 0x0000000014140000)

Polling page: 0x0000000000a70000

CodeCache: size=245760Kb used=2065Kb max_used=2076Kb free=243694Kb
 bounds [0x0000000002610000, 0x0000000002880000, 0x0000000011610000]
 total_blobs=772 nmethods=504 adapters=181
 compilation: enabled

Compilation events (10 events):
Event: 1.596 Thread 0x0000000014cdc800  511       4       com.android.dx.rop.type.Type::getCategory (36 bytes)
Event: 1.598 Thread 0x0000000014cdc800 nmethod 511 0x0000000002817450 code [0x0000000002817580, 0x00000000028175f8]
Event: 1.601 Thread 0x0000000014ce4000  522       4       com.android.dx.util.ByteArray::getUnsignedShort (25 bytes)
Event: 1.606 Thread 0x0000000014cdc800  523       4       java.lang.String::<init> (62 bytes)
Event: 1.607 Thread 0x0000000014ce4000 nmethod 522 0x0000000002815b10 code [0x0000000002815c60, 0x0000000002815db8]
Event: 1.618 Thread 0x0000000014cdc800 nmethod 523 0x0000000002815550 code [0x00000000028156a0, 0x0000000002815938]
Event: 1.628 Thread 0x0000000014ce4000  532       4       java.util.ArrayList::add (29 bytes)
Event: 1.630 Thread 0x0000000014cdc800  533   !   4       com.android.dx.util.IntList::get (36 bytes)
Event: 1.633 Thread 0x0000000014cdc800 nmethod 533 0x0000000002815290 code [0x00000000028153c0, 0x0000000002815478]
Event: 1.638 Thread 0x0000000014cdc800  536       4       java.util.HashMap::get (23 bytes)

GC Heap History (4 events):
Event: 0.555 GC heap before
{Heap before GC invocations=1 (full 0):
 PSYoungGen      total 18944K, used 1311K [0x00000000eab00000, 0x00000000ec000000, 0x0000000100000000)
  eden space 16384K, 8% used [0x00000000eab00000,0x00000000eac47ce0,0x00000000ebb00000)
  from space 2560K, 0% used [0x00000000ebd80000,0x00000000ebd80000,0x00000000ec000000)
  to   space 2560K, 0% used [0x00000000ebb00000,0x00000000ebb00000,0x00000000ebd80000)
 ParOldGen       total 44032K, used 0K [0x00000000c0000000, 0x00000000c2b00000, 0x00000000eab00000)
  object space 44032K, 0% used [0x00000000c0000000,0x00000000c0000000,0x00000000c2b00000)
 Metaspace       used 2816K, capacity 4484K, committed 4736K, reserved 1060864K
  class space    used 303K, capacity 384K, committed 384K, reserved 1048576K
Event: 0.561 GC heap after
Heap after GC invocations=1 (full 0):
 PSYoungGen      total 18944K, used 544K [0x00000000eab00000, 0x00000000ec000000, 0x0000000100000000)
  eden space 16384K, 0% used [0x00000000eab00000,0x00000000eab00000,0x00000000ebb00000)
  from space 2560K, 21% used [0x00000000ebb00000,0x00000000ebb88000,0x00000000ebd80000)
  to   space 2560K, 0% used [0x00000000ebd80000,0x00000000ebd80000,0x00000000ec000000)
 ParOldGen       total 44032K, used 8K [0x00000000c0000000, 0x00000000c2b00000, 0x00000000eab00000)
  object space 44032K, 0% used [0x00000000c0000000,0x00000000c0002000,0x00000000c2b00000)
 Metaspace       used 2816K, capacity 4484K, committed 4736K, reserved 1060864K
  class space    used 303K, capacity 384K, committed 384K, reserved 1048576K
}
Event: 0.561 GC heap before
{Heap before GC invocations=2 (full 1):
 PSYoungGen      total 18944K, used 544K [0x00000000eab00000, 0x00000000ec000000, 0x0000000100000000)
  eden space 16384K, 0% used [0x00000000eab00000,0x00000000eab00000,0x00000000ebb00000)
  from space 2560K, 21% used [0x00000000ebb00000,0x00000000ebb88000,0x00000000ebd80000)
  to   space 2560K, 0% used [0x00000000ebd80000,0x00000000ebd80000,0x00000000ec000000)
 ParOldGen       total 44032K, used 8K [0x00000000c0000000, 0x00000000c2b00000, 0x00000000eab00000)
  object space 44032K, 0% used [0x00000000c0000000,0x00000000c0002000,0x00000000c2b00000)
 Metaspace       used 2816K, capacity 4484K, committed 4736K, reserved 1060864K
  class space    used 303K, capacity 384K, committed 384K, reserved 1048576K
Event: 0.590 GC heap after
Heap after GC invocations=2 (full 1):
 PSYoungGen      total 18944K, used 0K [0x00000000eab00000, 0x00000000ec000000, 0x0000000100000000)
  eden space 16384K, 0% used [0x00000000eab00000,0x00000000eab00000,0x00000000ebb00000)
  from space 2560K, 0% used [0x00000000ebb00000,0x00000000ebb00000,0x00000000ebd80000)
  to   space 2560K, 0% used [0x00000000ebd80000,0x00000000ebd80000,0x00000000ec000000)
 ParOldGen       total 31232K, used 454K [0x00000000c0000000, 0x00000000c1e80000, 0x00000000eab00000)
  object space 31232K, 1% used [0x00000000c0000000,0x00000000c0071a58,0x00000000c1e80000)
 Metaspace       used 2816K, capacity 4484K, committed 4736K, reserved 1058816K
  class space    used 303K, capacity 384K, committed 384K, reserved 1048576K
}

Deoptimization events (0 events):
No events

Internal exceptions (2 events):
Event: 0.178 Thread 0x0000000000cdd800 Exception <a 'java/lang/NoSuchMethodError': Method sun.misc.Unsafe.defineClass(Ljava/lang/String;[BII)Ljava/lang/Class; name or signature does not match> (0x00000000eab0d450) thrown at [C:\re\workspace\8-2-build-windows-amd64-cygwin\jdk8u45\3627\hotspot\srv-5Ó@‡∆?
Event: 0.179 Thread 0x0000000000cdd800 Exception <a 'java/lang/NoSuchMethodError': Method sun.misc.Unsafe.prefetchRead(Ljava/lang/Object;J)V name or signature does not match> (0x00000000eab0d6e0) thrown at [C:\re\workspace\8-2-build-windows-amd64-cygwin\jdk8u45\3627\hotspot\src\share\vm\prims\j

Events (10 events):
Event: 1.583 loading class com/android/dx/dex/file/DebugInfoItem
Event: 1.583 loading class com/android/dx/dex/file/DebugInfoItem done
Event: 1.584 loading class java/io/PrintWriter
Event: 1.585 loading class java/io/PrintWriter done
Event: 1.585 loading class com/android/dx/rop/annotation/AnnotationsList
Event: 1.585 loading class com/android/dx/rop/annotation/AnnotationsList done
Event: 1.587 loading class com/android/dx/dex/file/MethodIdItem
Event: 1.587 loading class com/android/dx/dex/file/MethodIdItem done
Event: 1.588 loading class com/android/dx/cf/code/SwitchList
Event: 1.588 loading class com/android/dx/cf/code/SwitchList done


Dynamic libraries:
0x00007ff69ba40000 - 0x00007ff69ba77000 	C:\Program Files\Java\jdk1.8.0_45\bin\java.exe
0x00007ffbd3930000 - 0x00007ffbd3add000 	C:\Windows\SYSTEM32\ntdll.dll
0x00007ffbd3520000 - 0x00007ffbd365a000 	C:\Windows\system32\KERNEL32.DLL
0x00007ffbd0d80000 - 0x00007ffbd0e95000 	C:\Windows\system32\KERNELBASE.dll
0x00007ffbcf6c0000 - 0x00007ffbcf74e000 	C:\Windows\system32\apphelp.dll
0x00007ffbc6f10000 - 0x00007ffbc6f63000 	C:\Windows\AppPatch\AppPatch64\AcGenral.DLL
0x00007ffbd0ff0000 - 0x00007ffbd1097000 	C:\Windows\system32\msvcrt.dll
0x00007ffbd0900000 - 0x00007ffbd092b000 	C:\Windows\SYSTEM32\SspiCli.dll
0x00007ffbd2ff0000 - 0x00007ffbd3041000 	C:\Windows\system32\SHLWAPI.dll
0x00007ffbd3660000 - 0x00007ffbd37d7000 	C:\Windows\system32\USER32.dll
0x00007ffbd3380000 - 0x00007ffbd3514000 	C:\Windows\system32\ole32.dll
0x00007ffbd1100000 - 0x00007ffbd262a000 	C:\Windows\system32\SHELL32.dll
0x00007ffbd00b0000 - 0x00007ffbd00ce000 	C:\Windows\SYSTEM32\USERENV.dll
0x00007ffbd2de0000 - 0x00007ffbd2e8a000 	C:\Windows\system32\ADVAPI32.dll
0x00007ffbc4db0000 - 0x00007ffbc4dcb000 	C:\Windows\SYSTEM32\MPR.dll
0x00007ffbd37e0000 - 0x00007ffbd3921000 	C:\Windows\system32\RPCRT4.dll
0x00007ffbd26f0000 - 0x00007ffbd2749000 	C:\Windows\SYSTEM32\sechost.dll
0x00007ffbd29d0000 - 0x00007ffbd2be1000 	C:\Windows\SYSTEM32\combase.dll
0x00007ffbd2c30000 - 0x00007ffbd2d80000 	C:\Windows\system32\GDI32.dll
0x00007ffbd0ad0000 - 0x00007ffbd0ae4000 	C:\Windows\SYSTEM32\profapi.dll
0x00007ffbceed0000 - 0x00007ffbcef82000 	C:\Windows\SYSTEM32\SHCORE.dll
0x00007ffbd2bf0000 - 0x00007ffbd2c24000 	C:\Windows\system32\IMM32.DLL
0x00007ffbd2e90000 - 0x00007ffbd2fe2000 	C:\Windows\system32\MSCTF.dll
0x00007ffbce800000 - 0x00007ffbcea7b000 	C:\Windows\WinSxS\amd64_microsoft.windows.common-controls_6595b64144ccf1df_6.0.9600.18006_none_623f33d3ecbe86e8\COMCTL32.dll
0x000000006e670000 - 0x000000006e742000 	C:\Program Files\Java\jdk1.8.0_45\jre\bin\msvcr100.dll
0x000000006ee30000 - 0x000000006f6b3000 	C:\Program Files\Java\jdk1.8.0_45\jre\bin\server\jvm.dll
0x00007ffbbcef0000 - 0x00007ffbbcef9000 	C:\Windows\SYSTEM32\WSOCK32.dll
0x00007ffbc4760000 - 0x00007ffbc477f000 	C:\Windows\SYSTEM32\WINMM.dll
0x00007ffbc9450000 - 0x00007ffbc945a000 	C:\Windows\SYSTEM32\VERSION.dll
0x00007ffbd2630000 - 0x00007ffbd2637000 	C:\Windows\system32\PSAPI.DLL
0x00007ffbd3160000 - 0x00007ffbd31b8000 	C:\Windows\system32\WS2_32.dll
0x00007ffbc4730000 - 0x00007ffbc475a000 	C:\Windows\SYSTEM32\WINMMBASE.dll
0x00007ffbd3150000 - 0x00007ffbd3159000 	C:\Windows\system32\NSI.dll
0x00007ffbd0f50000 - 0x00007ffbd0f9a000 	C:\Windows\SYSTEM32\cfgmgr32.dll
0x00007ffbcf910000 - 0x00007ffbcf936000 	C:\Windows\SYSTEM32\DEVOBJ.dll
0x000000006fc00000 - 0x000000006fc0f000 	C:\Program Files\Java\jdk1.8.0_45\jre\bin\verify.dll
0x000000006ed20000 - 0x000000006ed49000 	C:\Program Files\Java\jdk1.8.0_45\jre\bin\java.dll
0x000000006fbe0000 - 0x000000006fbf6000 	C:\Program Files\Java\jdk1.8.0_45\jre\bin\zip.dll

VM Arguments:
jvm_args: -Djava.awt.headless=true -Xmx1024M -Dfile.encoding=windows-1252 -Duser.country=US -Duser.language=en -Duser.variant 
java_command: com.android.dx.command.Main --dex --force-jumbo --num-threads=4 --multi-dex --output E:\Android\AiLaTrieuPhu\app\build\intermediates\transforms\dex\debug\folders\1000\5\slice_5 E:\Android\AiLaTrieuPhu\app\build\intermediates\transforms\instantRunSlicer\debug\folders\1\5\slice_5
java_class_path (initial): E:\Platform Android\build-tools\23.0.2\lib\dx.jar
Launcher Type: SUN_STANDARD

Environment Variables:
JAVA_HOME=C:\Program Files\Java\jdk1.8.0_45
PATH=C:\ProgramData\Oracle\Java\javapath;C:\Windows\system32;C:\Windows;C:\Windows\System32\Wbem;C:\Windows\System32\WindowsPowerShell\v1.0\;C:\Program Files (x86)\Windows Kits\8.1\Windows Performance Toolkit\;C:\Program Files\Microsoft SQL Server\110\Tools\Binn\;C:\Program Files\Microsoft SQL Server\120\DTS\Binn\;C:\Program Files\Microsoft SQL Server\Client SDK\ODBC\110\Tools\Binn\;C:\Program Files (x86)\Microsoft SQL Server\120\Tools\Binn\;C:\Program Files\Microsoft SQL Server\120\Tools\Binn\;C:\Program Files (x86)\Microsoft SQL Server\120\Tools\Binn\ManagementStudio\;C:\Program Files (x86)\Microsoft SQL Server\120\DTS\Binn\;C:\Program Files (x86)\Windows Live\Shared;C:\Program Files (x86)\Skype\Phone\;
USERNAME=The Boss
OS=Windows_NT
PROCESSOR_IDENTIFIER=Intel64 Family 6 Model 58 Stepping 9, GenuineIntel



---------------  S Y S T E M  ---------------

OS: Windows 8.1 , 64 bit Build 9600 (6.3.9600.17056)

CPU:total 4 (2 cores per cpu, 2 threads per core) family 6 model 58 stepping 9, cmov, cx8, fxsr, mmx, sse, sse2, sse3, ssse3, sse4.1, sse4.2, popcnt, avx, clmul, erms, ht, tsc, tscinvbit, tscinv

Memory: 4k page, physical 4072728k(203276k free), swap 6169880k(4604k free)

vm_info: Java HotSpot(TM) 64-Bit Server VM (25.45-b02) for windows-amd64 JRE (1.8.0_45-b15), built on Apr 30 2015 12:40:44 by "java_re" with MS VC++ 10.0 (VS2010)

time: Fri Apr 15 09:35:31 2016
elapsed time: 2 seconds (0d 0h 0m 2s)

